<<<<<<< HEAD
Analysis & Synthesis report for VGA
Thu Jul 26 23:11:11 2018
Quartus II 64-Bit Version 13.1.0 Build 162 10/23/2013 SJ Web Edition


---------------------
; Table of Contents ;
---------------------
  1. Legal Notice
  2. Analysis & Synthesis Summary
  3. Analysis & Synthesis Settings
  4. Parallel Compilation
  5. Analysis & Synthesis Source Files Read
  6. Analysis & Synthesis Resource Usage Summary
  7. Analysis & Synthesis Resource Utilization by Entity
  8. General Register Statistics
  9. Port Connectivity Checks: "hvsync_generator:hvsync"
 10. Elapsed Time Per Partition
 11. Analysis & Synthesis Messages



----------------
; Legal Notice ;
----------------
Copyright (C) 1991-2013 Altera Corporation
Your use of Altera Corporation's design tools, logic functions 
and other software and tools, and its AMPP partner logic 
functions, and any output files from any of the foregoing 
(including device programming or simulation files), and any 
associated documentation or information are expressly subject 
to the terms and conditions of the Altera Program License 
Subscription Agreement, Altera MegaCore Function License 
Agreement, or other applicable license agreement, including, 
without limitation, that your use is for the sole purpose of 
programming logic devices manufactured by Altera and sold by 
Altera or its authorized distributors.  Please refer to the 
applicable agreement for further details.



+---------------------------------------------------------------------------------+
; Analysis & Synthesis Summary                                                    ;
+------------------------------------+--------------------------------------------+
; Analysis & Synthesis Status        ; Successful - Thu Jul 26 23:11:11 2018      ;
; Quartus II 64-Bit Version          ; 13.1.0 Build 162 10/23/2013 SJ Web Edition ;
; Revision Name                      ; VGA                                        ;
; Top-level Entity Name              ; VGADemo                                    ;
; Family                             ; Cyclone IV E                               ;
; Total logic elements               ; 37                                         ;
;     Total combinational functions  ; 37                                         ;
;     Dedicated logic registers      ; 27                                         ;
; Total registers                    ; 27                                         ;
; Total pins                         ; 6                                          ;
; Total virtual pins                 ; 0                                          ;
; Total memory bits                  ; 0                                          ;
; Embedded Multiplier 9-bit elements ; 0                                          ;
; Total PLLs                         ; 0                                          ;
+------------------------------------+--------------------------------------------+


+----------------------------------------------------------------------------------------------------------------------+
; Analysis & Synthesis Settings                                                                                        ;
+----------------------------------------------------------------------------+--------------------+--------------------+
; Option                                                                     ; Setting            ; Default Value      ;
+----------------------------------------------------------------------------+--------------------+--------------------+
; Device                                                                     ; EP4CE10F17C8       ;                    ;
; Top-level entity name                                                      ; VGADemo            ; VGA                ;
; Family name                                                                ; Cyclone IV E       ; Cyclone IV GX      ;
; Use smart compilation                                                      ; Off                ; Off                ;
; Enable parallel Assembler and TimeQuest Timing Analyzer during compilation ; On                 ; On                 ;
; Enable compact report table                                                ; Off                ; Off                ;
; Restructure Multiplexers                                                   ; Auto               ; Auto               ;
; Create Debugging Nodes for IP Cores                                        ; Off                ; Off                ;
; Preserve fewer node names                                                  ; On                 ; On                 ;
; Disable OpenCore Plus hardware evaluation                                  ; Off                ; Off                ;
; Verilog Version                                                            ; Verilog_2001       ; Verilog_2001       ;
; VHDL Version                                                               ; VHDL_1993          ; VHDL_1993          ;
; State Machine Processing                                                   ; Auto               ; Auto               ;
; Safe State Machine                                                         ; Off                ; Off                ;
; Extract Verilog State Machines                                             ; On                 ; On                 ;
; Extract VHDL State Machines                                                ; On                 ; On                 ;
; Ignore Verilog initial constructs                                          ; Off                ; Off                ;
; Iteration limit for constant Verilog loops                                 ; 5000               ; 5000               ;
; Iteration limit for non-constant Verilog loops                             ; 250                ; 250                ;
; Add Pass-Through Logic to Inferred RAMs                                    ; On                 ; On                 ;
; Infer RAMs from Raw Logic                                                  ; On                 ; On                 ;
; Parallel Synthesis                                                         ; On                 ; On                 ;
; DSP Block Balancing                                                        ; Auto               ; Auto               ;
; NOT Gate Push-Back                                                         ; On                 ; On                 ;
; Power-Up Don't Care                                                        ; On                 ; On                 ;
; Remove Redundant Logic Cells                                               ; Off                ; Off                ;
; Remove Duplicate Registers                                                 ; On                 ; On                 ;
; Ignore CARRY Buffers                                                       ; Off                ; Off                ;
; Ignore CASCADE Buffers                                                     ; Off                ; Off                ;
; Ignore GLOBAL Buffers                                                      ; Off                ; Off                ;
; Ignore ROW GLOBAL Buffers                                                  ; Off                ; Off                ;
; Ignore LCELL Buffers                                                       ; Off                ; Off                ;
; Ignore SOFT Buffers                                                        ; On                 ; On                 ;
; Limit AHDL Integers to 32 Bits                                             ; Off                ; Off                ;
; Optimization Technique                                                     ; Balanced           ; Balanced           ;
; Carry Chain Length                                                         ; 70                 ; 70                 ;
; Auto Carry Chains                                                          ; On                 ; On                 ;
; Auto Open-Drain Pins                                                       ; On                 ; On                 ;
; Perform WYSIWYG Primitive Resynthesis                                      ; Off                ; Off                ;
; Auto ROM Replacement                                                       ; On                 ; On                 ;
; Auto RAM Replacement                                                       ; On                 ; On                 ;
; Auto DSP Block Replacement                                                 ; On                 ; On                 ;
; Auto Shift Register Replacement                                            ; Auto               ; Auto               ;
; Allow Shift Register Merging across Hierarchies                            ; Auto               ; Auto               ;
; Auto Clock Enable Replacement                                              ; On                 ; On                 ;
; Strict RAM Replacement                                                     ; Off                ; Off                ;
; Allow Synchronous Control Signals                                          ; On                 ; On                 ;
; Force Use of Synchronous Clear Signals                                     ; Off                ; Off                ;
; Auto RAM Block Balancing                                                   ; On                 ; On                 ;
; Auto RAM to Logic Cell Conversion                                          ; Off                ; Off                ;
; Auto Resource Sharing                                                      ; Off                ; Off                ;
; Allow Any RAM Size For Recognition                                         ; Off                ; Off                ;
; Allow Any ROM Size For Recognition                                         ; Off                ; Off                ;
; Allow Any Shift Register Size For Recognition                              ; Off                ; Off                ;
; Use LogicLock Constraints during Resource Balancing                        ; On                 ; On                 ;
; Ignore translate_off and synthesis_off directives                          ; Off                ; Off                ;
; Timing-Driven Synthesis                                                    ; On                 ; On                 ;
; Report Parameter Settings                                                  ; On                 ; On                 ;
; Report Source Assignments                                                  ; On                 ; On                 ;
; Report Connectivity Checks                                                 ; On                 ; On                 ;
; Ignore Maximum Fan-Out Assignments                                         ; Off                ; Off                ;
; Synchronization Register Chain Length                                      ; 2                  ; 2                  ;
; PowerPlay Power Optimization                                               ; Normal compilation ; Normal compilation ;
; HDL message level                                                          ; Level2             ; Level2             ;
; Suppress Register Optimization Related Messages                            ; Off                ; Off                ;
; Number of Removed Registers Reported in Synthesis Report                   ; 5000               ; 5000               ;
; Number of Swept Nodes Reported in Synthesis Report                         ; 5000               ; 5000               ;
; Number of Inverted Registers Reported in Synthesis Report                  ; 100                ; 100                ;
; Clock MUX Protection                                                       ; On                 ; On                 ;
; Auto Gated Clock Conversion                                                ; Off                ; Off                ;
; Block Design Naming                                                        ; Auto               ; Auto               ;
; SDC constraint protection                                                  ; Off                ; Off                ;
; Synthesis Effort                                                           ; Auto               ; Auto               ;
; Shift Register Replacement - Allow Asynchronous Clear Signal               ; On                 ; On                 ;
; Pre-Mapping Resynthesis Optimization                                       ; Off                ; Off                ;
; Analysis & Synthesis Message Level                                         ; Medium             ; Medium             ;
; Disable Register Merging Across Hierarchies                                ; Auto               ; Auto               ;
; Resource Aware Inference For Block RAM                                     ; On                 ; On                 ;
; Synthesis Seed                                                             ; 1                  ; 1                  ;
+----------------------------------------------------------------------------+--------------------+--------------------+


Parallel compilation was disabled, but you have multiple processors available. Enable parallel compilation to reduce compilation time.
+-------------------------------------+
; Parallel Compilation                ;
+----------------------------+--------+
; Processors                 ; Number ;
+----------------------------+--------+
; Number detected on machine ; 4      ;
; Maximum allowed            ; 1      ;
+----------------------------+--------+


+---------------------------------------------------------------------------------------------------------------------------------------------------------------------------------+
; Analysis & Synthesis Source Files Read                                                                                                                                          ;
+----------------------------------+-----------------+------------------------+-----------------------------------------------------------------------------------------+---------+
; File Name with User-Entered Path ; Used in Netlist ; File Type              ; File Name with Absolute Path                                                            ; Library ;
+----------------------------------+-----------------+------------------------+-----------------------------------------------------------------------------------------+---------+
; divisor_clock.v                  ; yes             ; User Verilog HDL File  ; /home/gaut/Documents/Remote Repository/MI-SD-Coprocessador-Imagem/VGA/divisor_clock.v   ;         ;
; VGADemo.v                        ; yes             ; User Verilog HDL File  ; /home/gaut/Documents/Remote Repository/MI-SD-Coprocessador-Imagem/VGA/VGADemo.v         ;         ;
; hsync_generator.v                ; yes             ; User Verilog HDL File  ; /home/gaut/Documents/Remote Repository/MI-SD-Coprocessador-Imagem/VGA/hsync_generator.v ;         ;
+----------------------------------+-----------------+------------------------+-----------------------------------------------------------------------------------------+---------+


+-----------------------------------------------------------------------------------+
; Analysis & Synthesis Resource Usage Summary                                       ;
+---------------------------------------------+-------------------------------------+
; Resource                                    ; Usage                               ;
+---------------------------------------------+-------------------------------------+
; Estimated Total logic elements              ; 37                                  ;
;                                             ;                                     ;
; Total combinational functions               ; 37                                  ;
; Logic element usage by number of LUT inputs ;                                     ;
;     -- 4 input functions                    ; 8                                   ;
;     -- 3 input functions                    ; 2                                   ;
;     -- <=2 input functions                  ; 27                                  ;
;                                             ;                                     ;
; Logic elements by mode                      ;                                     ;
;     -- normal mode                          ; 21                                  ;
;     -- arithmetic mode                      ; 16                                  ;
;                                             ;                                     ;
; Total registers                             ; 27                                  ;
;     -- Dedicated logic registers            ; 27                                  ;
;     -- I/O registers                        ; 0                                   ;
;                                             ;                                     ;
; I/O pins                                    ; 6                                   ;
; Embedded Multiplier 9-bit elements          ; 0                                   ;
; Maximum fan-out node                        ; divisor_clock:divisor_clock|clk_out ;
; Maximum fan-out                             ; 26                                  ;
; Total fan-out                               ; 162                                 ;
; Average fan-out                             ; 2.13                                ;
+---------------------------------------------+-------------------------------------+


+----------------------------------------------------------------------------------------------------------------------------------------------------------------------------------------------------+
; Analysis & Synthesis Resource Utilization by Entity                                                                                                                                                ;
+----------------------------------+-------------------+--------------+-------------+--------------+---------+-----------+------+--------------+--------------------------------------+--------------+
; Compilation Hierarchy Node       ; LC Combinationals ; LC Registers ; Memory Bits ; DSP Elements ; DSP 9x9 ; DSP 18x18 ; Pins ; Virtual Pins ; Full Hierarchy Name                  ; Library Name ;
+----------------------------------+-------------------+--------------+-------------+--------------+---------+-----------+------+--------------+--------------------------------------+--------------+
; |VGADemo                         ; 37 (3)            ; 27 (3)       ; 0           ; 0            ; 0       ; 0         ; 6    ; 0            ; |VGADemo                             ; work         ;
;    |divisor_clock:divisor_clock| ; 2 (2)             ; 2 (2)        ; 0           ; 0            ; 0       ; 0         ; 0    ; 0            ; |VGADemo|divisor_clock:divisor_clock ; work         ;
;    |hvsync_generator:hvsync|     ; 32 (32)           ; 22 (22)      ; 0           ; 0            ; 0       ; 0         ; 0    ; 0            ; |VGADemo|hvsync_generator:hvsync     ; work         ;
+----------------------------------+-------------------+--------------+-------------+--------------+---------+-----------+------+--------------+--------------------------------------+--------------+
Note: For table entries with two numbers listed, the numbers in parentheses indicate the number of resources of the given type used by the specific entity alone. The numbers listed outside of parentheses indicate the total resources of the given type used by the specific entity and all of its sub-entities in the hierarchy.


+------------------------------------------------------+
; General Register Statistics                          ;
+----------------------------------------------+-------+
; Statistic                                    ; Value ;
+----------------------------------------------+-------+
; Total registers                              ; 27    ;
; Number of registers using Synchronous Clear  ; 0     ;
; Number of registers using Synchronous Load   ; 0     ;
; Number of registers using Asynchronous Clear ; 0     ;
; Number of registers using Asynchronous Load  ; 0     ;
; Number of registers using Clock Enable       ; 8     ;
; Number of registers using Preset             ; 0     ;
+----------------------------------------------+-------+


+-----------------------------------------------------------------------------------------------------------------------------------------------+
; Port Connectivity Checks: "hvsync_generator:hvsync"                                                                                           ;
+----------------+--------+----------+----------------------------------------------------------------------------------------------------------+
; Port           ; Type   ; Severity ; Details                                                                                                  ;
+----------------+--------+----------+----------------------------------------------------------------------------------------------------------+
; CounterX[5..0] ; Output ; Info     ; Connected to dangling logic. Logic that only feeds a dangling port will be removed.                      ;
; CounterX[9]    ; Output ; Info     ; Connected to dangling logic. Logic that only feeds a dangling port will be removed.                      ;
; CounterY       ; Output ; Warning  ; Declared by entity but not connected by instance. Logic that only feeds a dangling port will be removed. ;
+----------------+--------+----------+----------------------------------------------------------------------------------------------------------+


+-------------------------------+
; Elapsed Time Per Partition    ;
+----------------+--------------+
; Partition Name ; Elapsed Time ;
+----------------+--------------+
; Top            ; 00:00:00     ;
+----------------+--------------+


+-------------------------------+
; Analysis & Synthesis Messages ;
+-------------------------------+
Info: *******************************************************************
Info: Running Quartus II 64-Bit Analysis & Synthesis
    Info: Version 13.1.0 Build 162 10/23/2013 SJ Web Edition
    Info: Processing started: Thu Jul 26 23:11:09 2018
Info: Command: quartus_map --read_settings_files=on --write_settings_files=off VGA -c VGA
Warning (20028): Parallel compilation is not licensed and has been disabled
Info (12021): Found 1 design units, including 1 entities, in source file divisor_clock.v
    Info (12023): Found entity 1: divisor_clock
Info (12021): Found 1 design units, including 1 entities, in source file VGADemo.v
    Info (12023): Found entity 1: VGADemo
Info (12021): Found 1 design units, including 1 entities, in source file hsync_generator.v
    Info (12023): Found entity 1: hvsync_generator
Info (12127): Elaborating entity "VGADemo" for the top level hierarchy
Warning (10230): Verilog HDL assignment warning at VGADemo.v(29): truncated value with size 4 to match size of target (3)
Info (12128): Elaborating entity "divisor_clock" for hierarchy "divisor_clock:divisor_clock"
Warning (10230): Verilog HDL assignment warning at divisor_clock.v(18): truncated value with size 32 to match size of target (1)
Info (12128): Elaborating entity "hvsync_generator" for hierarchy "hvsync_generator:hvsync"
Warning (10230): Verilog HDL assignment warning at hsync_generator.v(18): truncated value with size 32 to match size of target (10)
Warning (10230): Verilog HDL assignment warning at hsync_generator.v(27): truncated value with size 32 to match size of target (9)
Warning (12241): 1 hierarchies have connectivity warnings - see the Connectivity Checks report folder
Info (286030): Timing-Driven Synthesis is running
Info (16010): Generating hard_block partition "hard_block:auto_generated_inst"
    Info (16011): Adding 0 node(s), including 0 DDIO, 0 PLL, 0 transceiver and 0 LCELL
Info (21057): Implemented 43 device resources after synthesis - the final resource count might be different
    Info (21058): Implemented 1 input pins
    Info (21059): Implemented 5 output pins
    Info (21061): Implemented 37 logic cells
Info: Quartus II 64-Bit Analysis & Synthesis was successful. 0 errors, 6 warnings
    Info: Peak virtual memory: 655 megabytes
    Info: Processing ended: Thu Jul 26 23:11:11 2018
    Info: Elapsed time: 00:00:02
    Info: Total CPU time (on all processors): 00:00:02


=======
Analysis & Synthesis report for VGA
Fri Aug 03 15:46:04 2018
Quartus II 32-bit Version 13.1.0 Build 162 10/23/2013 SJ Web Edition


---------------------
; Table of Contents ;
---------------------
  1. Legal Notice
  2. Analysis & Synthesis Summary
  3. Analysis & Synthesis Settings
  4. Parallel Compilation
  5. Analysis & Synthesis Source Files Read
  6. Analysis & Synthesis Resource Usage Summary
  7. Analysis & Synthesis Resource Utilization by Entity
  8. Analysis & Synthesis RAM Summary
  9. Analysis & Synthesis IP Cores Summary
 10. State Machine - |VGADemo|Escrever:Escrever|state
 11. User-Specified and Inferred Latches
 12. Registers Removed During Synthesis
 13. General Register Statistics
 14. Inverted Register Statistics
 15. Source assignments for controlador_ram:controlador_ram|altsyncram:altsyncram_component|altsyncram_iln1:auto_generated
 16. Parameter Settings for User Entity Instance: controlador_ram:controlador_ram|altsyncram:altsyncram_component
 17. Parameter Settings for User Entity Instance: Escrever:Escrever
 18. altsyncram Parameter Settings by Entity Instance
 19. Port Connectivity Checks: "Escrever:Escrever"
 20. Port Connectivity Checks: "hvsync_generator:hvsync"
 21. Elapsed Time Per Partition
 22. Analysis & Synthesis Messages
 23. Analysis & Synthesis Suppressed Messages



----------------
; Legal Notice ;
----------------
Copyright (C) 1991-2013 Altera Corporation
Your use of Altera Corporation's design tools, logic functions 
and other software and tools, and its AMPP partner logic 
functions, and any output files from any of the foregoing 
(including device programming or simulation files), and any 
associated documentation or information are expressly subject 
to the terms and conditions of the Altera Program License 
Subscription Agreement, Altera MegaCore Function License 
Agreement, or other applicable license agreement, including, 
without limitation, that your use is for the sole purpose of 
programming logic devices manufactured by Altera and sold by 
Altera or its authorized distributors.  Please refer to the 
applicable agreement for further details.



+---------------------------------------------------------------------------------+
; Analysis & Synthesis Summary                                                    ;
+------------------------------------+--------------------------------------------+
; Analysis & Synthesis Status        ; Successful - Fri Aug 03 15:46:04 2018      ;
; Quartus II 32-bit Version          ; 13.1.0 Build 162 10/23/2013 SJ Web Edition ;
; Revision Name                      ; VGA                                        ;
; Top-level Entity Name              ; VGADemo                                    ;
; Family                             ; Cyclone IV E                               ;
; Total logic elements               ; 91                                         ;
;     Total combinational functions  ; 90                                         ;
;     Dedicated logic registers      ; 51                                         ;
; Total registers                    ; 51                                         ;
; Total pins                         ; 6                                          ;
; Total virtual pins                 ; 0                                          ;
; Total memory bits                  ; 4,096                                      ;
; Embedded Multiplier 9-bit elements ; 0                                          ;
; Total PLLs                         ; 0                                          ;
+------------------------------------+--------------------------------------------+


+----------------------------------------------------------------------------------------------------------------------+
; Analysis & Synthesis Settings                                                                                        ;
+----------------------------------------------------------------------------+--------------------+--------------------+
; Option                                                                     ; Setting            ; Default Value      ;
+----------------------------------------------------------------------------+--------------------+--------------------+
; Device                                                                     ; EP4CE10F17C8       ;                    ;
; Top-level entity name                                                      ; VGADemo            ; VGA                ;
; Family name                                                                ; Cyclone IV E       ; Cyclone IV GX      ;
; Use smart compilation                                                      ; Off                ; Off                ;
; Enable parallel Assembler and TimeQuest Timing Analyzer during compilation ; On                 ; On                 ;
; Enable compact report table                                                ; Off                ; Off                ;
; Restructure Multiplexers                                                   ; Auto               ; Auto               ;
; Create Debugging Nodes for IP Cores                                        ; Off                ; Off                ;
; Preserve fewer node names                                                  ; On                 ; On                 ;
; Disable OpenCore Plus hardware evaluation                                  ; Off                ; Off                ;
; Verilog Version                                                            ; Verilog_2001       ; Verilog_2001       ;
; VHDL Version                                                               ; VHDL_1993          ; VHDL_1993          ;
; State Machine Processing                                                   ; Auto               ; Auto               ;
; Safe State Machine                                                         ; Off                ; Off                ;
; Extract Verilog State Machines                                             ; On                 ; On                 ;
; Extract VHDL State Machines                                                ; On                 ; On                 ;
; Ignore Verilog initial constructs                                          ; Off                ; Off                ;
; Iteration limit for constant Verilog loops                                 ; 5000               ; 5000               ;
; Iteration limit for non-constant Verilog loops                             ; 250                ; 250                ;
; Add Pass-Through Logic to Inferred RAMs                                    ; On                 ; On                 ;
; Infer RAMs from Raw Logic                                                  ; On                 ; On                 ;
; Parallel Synthesis                                                         ; On                 ; On                 ;
; DSP Block Balancing                                                        ; Auto               ; Auto               ;
; NOT Gate Push-Back                                                         ; On                 ; On                 ;
; Power-Up Don't Care                                                        ; On                 ; On                 ;
; Remove Redundant Logic Cells                                               ; Off                ; Off                ;
; Remove Duplicate Registers                                                 ; On                 ; On                 ;
; Ignore CARRY Buffers                                                       ; Off                ; Off                ;
; Ignore CASCADE Buffers                                                     ; Off                ; Off                ;
; Ignore GLOBAL Buffers                                                      ; Off                ; Off                ;
; Ignore ROW GLOBAL Buffers                                                  ; Off                ; Off                ;
; Ignore LCELL Buffers                                                       ; Off                ; Off                ;
; Ignore SOFT Buffers                                                        ; On                 ; On                 ;
; Limit AHDL Integers to 32 Bits                                             ; Off                ; Off                ;
; Optimization Technique                                                     ; Balanced           ; Balanced           ;
; Carry Chain Length                                                         ; 70                 ; 70                 ;
; Auto Carry Chains                                                          ; On                 ; On                 ;
; Auto Open-Drain Pins                                                       ; On                 ; On                 ;
; Perform WYSIWYG Primitive Resynthesis                                      ; Off                ; Off                ;
; Auto ROM Replacement                                                       ; On                 ; On                 ;
; Auto RAM Replacement                                                       ; On                 ; On                 ;
; Auto DSP Block Replacement                                                 ; On                 ; On                 ;
; Auto Shift Register Replacement                                            ; Auto               ; Auto               ;
; Allow Shift Register Merging across Hierarchies                            ; Auto               ; Auto               ;
; Auto Clock Enable Replacement                                              ; On                 ; On                 ;
; Strict RAM Replacement                                                     ; Off                ; Off                ;
; Allow Synchronous Control Signals                                          ; On                 ; On                 ;
; Force Use of Synchronous Clear Signals                                     ; Off                ; Off                ;
; Auto RAM Block Balancing                                                   ; On                 ; On                 ;
; Auto RAM to Logic Cell Conversion                                          ; Off                ; Off                ;
; Auto Resource Sharing                                                      ; Off                ; Off                ;
; Allow Any RAM Size For Recognition                                         ; Off                ; Off                ;
; Allow Any ROM Size For Recognition                                         ; Off                ; Off                ;
; Allow Any Shift Register Size For Recognition                              ; Off                ; Off                ;
; Use LogicLock Constraints during Resource Balancing                        ; On                 ; On                 ;
; Ignore translate_off and synthesis_off directives                          ; Off                ; Off                ;
; Timing-Driven Synthesis                                                    ; On                 ; On                 ;
; Report Parameter Settings                                                  ; On                 ; On                 ;
; Report Source Assignments                                                  ; On                 ; On                 ;
; Report Connectivity Checks                                                 ; On                 ; On                 ;
; Ignore Maximum Fan-Out Assignments                                         ; Off                ; Off                ;
; Synchronization Register Chain Length                                      ; 2                  ; 2                  ;
; PowerPlay Power Optimization                                               ; Normal compilation ; Normal compilation ;
; HDL message level                                                          ; Level2             ; Level2             ;
; Suppress Register Optimization Related Messages                            ; Off                ; Off                ;
; Number of Removed Registers Reported in Synthesis Report                   ; 5000               ; 5000               ;
; Number of Swept Nodes Reported in Synthesis Report                         ; 5000               ; 5000               ;
; Number of Inverted Registers Reported in Synthesis Report                  ; 100                ; 100                ;
; Clock MUX Protection                                                       ; On                 ; On                 ;
; Auto Gated Clock Conversion                                                ; Off                ; Off                ;
; Block Design Naming                                                        ; Auto               ; Auto               ;
; SDC constraint protection                                                  ; Off                ; Off                ;
; Synthesis Effort                                                           ; Auto               ; Auto               ;
; Shift Register Replacement - Allow Asynchronous Clear Signal               ; On                 ; On                 ;
; Pre-Mapping Resynthesis Optimization                                       ; Off                ; Off                ;
; Analysis & Synthesis Message Level                                         ; Medium             ; Medium             ;
; Disable Register Merging Across Hierarchies                                ; Auto               ; Auto               ;
; Resource Aware Inference For Block RAM                                     ; On                 ; On                 ;
; Synthesis Seed                                                             ; 1                  ; 1                  ;
+----------------------------------------------------------------------------+--------------------+--------------------+


Parallel compilation was disabled, but you have multiple processors available. Enable parallel compilation to reduce compilation time.
+-------------------------------------+
; Parallel Compilation                ;
+----------------------------+--------+
; Processors                 ; Number ;
+----------------------------+--------+
; Number detected on machine ; 2      ;
; Maximum allowed            ; 1      ;
+----------------------------+--------+


+--------------------------------------------------------------------------------------------------------------------------------------------------------------------+
; Analysis & Synthesis Source Files Read                                                                                                                             ;
+----------------------------------+-----------------+------------------------------+----------------------------------------------------------------------+---------+
; File Name with User-Entered Path ; Used in Netlist ; File Type                    ; File Name with Absolute Path                                         ; Library ;
+----------------------------------+-----------------+------------------------------+----------------------------------------------------------------------+---------+
; Escrever.v                       ; yes             ; User Verilog HDL File        ; Y:/MI-SD-Coprocessador-Imagem/VGA/Escrever.v                         ;         ;
; divisor_clock.v                  ; yes             ; User Verilog HDL File        ; Y:/MI-SD-Coprocessador-Imagem/VGA/divisor_clock.v                    ;         ;
; VGADemo.v                        ; yes             ; User Verilog HDL File        ; Y:/MI-SD-Coprocessador-Imagem/VGA/VGADemo.v                          ;         ;
; hsync_generator.v                ; yes             ; User Verilog HDL File        ; Y:/MI-SD-Coprocessador-Imagem/VGA/hsync_generator.v                  ;         ;
; controlador_ram.v                ; yes             ; User Wizard-Generated File   ; Y:/MI-SD-Coprocessador-Imagem/VGA/controlador_ram.v                  ;         ;
; altsyncram.tdf                   ; yes             ; Megafunction                 ; c:/altera/13.1/quartus/libraries/megafunctions/altsyncram.tdf        ;         ;
; stratix_ram_block.inc            ; yes             ; Megafunction                 ; c:/altera/13.1/quartus/libraries/megafunctions/stratix_ram_block.inc ;         ;
; lpm_mux.inc                      ; yes             ; Megafunction                 ; c:/altera/13.1/quartus/libraries/megafunctions/lpm_mux.inc           ;         ;
; lpm_decode.inc                   ; yes             ; Megafunction                 ; c:/altera/13.1/quartus/libraries/megafunctions/lpm_decode.inc        ;         ;
; aglobal131.inc                   ; yes             ; Megafunction                 ; c:/altera/13.1/quartus/libraries/megafunctions/aglobal131.inc        ;         ;
; a_rdenreg.inc                    ; yes             ; Megafunction                 ; c:/altera/13.1/quartus/libraries/megafunctions/a_rdenreg.inc         ;         ;
; altrom.inc                       ; yes             ; Megafunction                 ; c:/altera/13.1/quartus/libraries/megafunctions/altrom.inc            ;         ;
; altram.inc                       ; yes             ; Megafunction                 ; c:/altera/13.1/quartus/libraries/megafunctions/altram.inc            ;         ;
; altdpram.inc                     ; yes             ; Megafunction                 ; c:/altera/13.1/quartus/libraries/megafunctions/altdpram.inc          ;         ;
; db/altsyncram_iln1.tdf           ; yes             ; Auto-Generated Megafunction  ; Y:/MI-SD-Coprocessador-Imagem/VGA/db/altsyncram_iln1.tdf             ;         ;
+----------------------------------+-----------------+------------------------------+----------------------------------------------------------------------+---------+


+-----------------------------------------------------------------------------------+
; Analysis & Synthesis Resource Usage Summary                                       ;
+---------------------------------------------+-------------------------------------+
; Resource                                    ; Usage                               ;
+---------------------------------------------+-------------------------------------+
; Estimated Total logic elements              ; 91                                  ;
;                                             ;                                     ;
; Total combinational functions               ; 90                                  ;
; Logic element usage by number of LUT inputs ;                                     ;
;     -- 4 input functions                    ; 26                                  ;
;     -- 3 input functions                    ; 16                                  ;
;     -- <=2 input functions                  ; 48                                  ;
;                                             ;                                     ;
; Logic elements by mode                      ;                                     ;
;     -- normal mode                          ; 52                                  ;
;     -- arithmetic mode                      ; 38                                  ;
;                                             ;                                     ;
; Total registers                             ; 51                                  ;
;     -- Dedicated logic registers            ; 51                                  ;
;     -- I/O registers                        ; 0                                   ;
;                                             ;                                     ;
; I/O pins                                    ; 6                                   ;
; Total memory bits                           ; 4096                                ;
; Embedded Multiplier 9-bit elements          ; 0                                   ;
; Maximum fan-out node                        ; divisor_clock:divisor_clock|clk_out ;
; Maximum fan-out                             ; 52                                  ;
; Total fan-out                               ; 414                                 ;
; Average fan-out                             ; 2.69                                ;
+---------------------------------------------+-------------------------------------+


+--------------------------------------------------------------------------------------------------------------------------------------------------------------------------------------------------------------------------------------------------------------------------------+
; Analysis & Synthesis Resource Utilization by Entity                                                                                                                                                                                                                            ;
+-------------------------------------------+-------------------+--------------+-------------+--------------+---------+-----------+------+--------------+---------------------------------------------------------------------------------------------------------+--------------+
; Compilation Hierarchy Node                ; LC Combinationals ; LC Registers ; Memory Bits ; DSP Elements ; DSP 9x9 ; DSP 18x18 ; Pins ; Virtual Pins ; Full Hierarchy Name                                                                                     ; Library Name ;
+-------------------------------------------+-------------------+--------------+-------------+--------------+---------+-----------+------+--------------+---------------------------------------------------------------------------------------------------------+--------------+
; |VGADemo                                  ; 90 (16)           ; 51 (15)      ; 4096        ; 0            ; 0       ; 0         ; 6    ; 0            ; |VGADemo                                                                                                ; work         ;
;    |Escrever:Escrever|                    ; 41 (41)           ; 13 (13)      ; 0           ; 0            ; 0       ; 0         ; 0    ; 0            ; |VGADemo|Escrever:Escrever                                                                              ; work         ;
;    |controlador_ram:controlador_ram|      ; 0 (0)             ; 0 (0)        ; 4096        ; 0            ; 0       ; 0         ; 0    ; 0            ; |VGADemo|controlador_ram:controlador_ram                                                                ; work         ;
;       |altsyncram:altsyncram_component|   ; 0 (0)             ; 0 (0)        ; 4096        ; 0            ; 0       ; 0         ; 0    ; 0            ; |VGADemo|controlador_ram:controlador_ram|altsyncram:altsyncram_component                                ; work         ;
;          |altsyncram_iln1:auto_generated| ; 0 (0)             ; 0 (0)        ; 4096        ; 0            ; 0       ; 0         ; 0    ; 0            ; |VGADemo|controlador_ram:controlador_ram|altsyncram:altsyncram_component|altsyncram_iln1:auto_generated ; work         ;
;    |divisor_clock:divisor_clock|          ; 1 (1)             ; 1 (1)        ; 0           ; 0            ; 0       ; 0         ; 0    ; 0            ; |VGADemo|divisor_clock:divisor_clock                                                                    ; work         ;
;    |hvsync_generator:hvsync|              ; 32 (32)           ; 22 (22)      ; 0           ; 0            ; 0       ; 0         ; 0    ; 0            ; |VGADemo|hvsync_generator:hvsync                                                                        ; work         ;
+-------------------------------------------+-------------------+--------------+-------------+--------------+---------+-----------+------+--------------+---------------------------------------------------------------------------------------------------------+--------------+
Note: For table entries with two numbers listed, the numbers in parentheses indicate the number of resources of the given type used by the specific entity alone. The numbers listed outside of parentheses indicate the total resources of the given type used by the specific entity and all of its sub-entities in the hierarchy.


+---------------------------------------------------------------------------------------------------------------------------------------------------------------------------------------------------------------+
; Analysis & Synthesis RAM Summary                                                                                                                                                                              ;
+-----------------------------------------------------------------------------------------------------------+------+------------------+--------------+--------------+--------------+--------------+------+------+
; Name                                                                                                      ; Type ; Mode             ; Port A Depth ; Port A Width ; Port B Depth ; Port B Width ; Size ; MIF  ;
+-----------------------------------------------------------------------------------------------------------+------+------------------+--------------+--------------+--------------+--------------+------+------+
; controlador_ram:controlador_ram|altsyncram:altsyncram_component|altsyncram_iln1:auto_generated|ALTSYNCRAM ; AUTO ; Simple Dual Port ; 4096         ; 1            ; 4096         ; 1            ; 4096 ; None ;
+-----------------------------------------------------------------------------------------------------------+------+------------------+--------------+--------------+--------------+--------------+------+------+


+----------------------------------------------------------------------------------------------------------------------------------------------------------------+
; Analysis & Synthesis IP Cores Summary                                                                                                                          ;
+--------+--------------+---------+--------------+--------------+------------------------------------------+-----------------------------------------------------+
; Vendor ; IP Core Name ; Version ; Release Date ; License Type ; Entity Instance                          ; IP Include File                                     ;
+--------+--------------+---------+--------------+--------------+------------------------------------------+-----------------------------------------------------+
; Altera ; RAM: 2-PORT  ; 13.1    ; N/A          ; N/A          ; |VGADemo|controlador_ram:controlador_ram ; Y:/MI-SD-Coprocessador-Imagem/VGA/controlador_ram.v ;
+--------+--------------+---------+--------------+--------------+------------------------------------------+-----------------------------------------------------+


Encoding Type:  One-Hot
+--------------------------------------------------+
; State Machine - |VGADemo|Escrever:Escrever|state ;
+--------------------+-----------------------------+
; Name               ; state.FIM                   ;
+--------------------+-----------------------------+
; state.MANDAR_PIXEL ; 0                           ;
; state.FIM          ; 1                           ;
+--------------------+-----------------------------+


+------------------------------------------------------------------------------------------------------------+
; User-Specified and Inferred Latches                                                                        ;
+-----------------------------------------------------+-----------------------------+------------------------+
; Latch Name                                          ; Latch Enable Signal         ; Free of Timing Hazards ;
+-----------------------------------------------------+-----------------------------+------------------------+
; Escrever:Escrever|wraddress[0]                      ; Escrever:Escrever|state.FIM ; yes                    ;
; Escrever:Escrever|wraddress[1]                      ; Escrever:Escrever|state.FIM ; yes                    ;
; Escrever:Escrever|wraddress[2]                      ; Escrever:Escrever|state.FIM ; yes                    ;
; Escrever:Escrever|wraddress[3]                      ; Escrever:Escrever|state.FIM ; yes                    ;
; Escrever:Escrever|wraddress[4]                      ; Escrever:Escrever|state.FIM ; yes                    ;
; Escrever:Escrever|wraddress[5]                      ; Escrever:Escrever|state.FIM ; yes                    ;
; Escrever:Escrever|wraddress[6]                      ; Escrever:Escrever|state.FIM ; yes                    ;
; Escrever:Escrever|wraddress[7]                      ; Escrever:Escrever|state.FIM ; yes                    ;
; Escrever:Escrever|wraddress[8]                      ; Escrever:Escrever|state.FIM ; yes                    ;
; Escrever:Escrever|wraddress[9]                      ; Escrever:Escrever|state.FIM ; yes                    ;
; Escrever:Escrever|wraddress[10]                     ; Escrever:Escrever|state.FIM ; yes                    ;
; Escrever:Escrever|wraddress[11]                     ; Escrever:Escrever|state.FIM ; yes                    ;
; Number of user-specified and inferred latches = 12  ;                             ;                        ;
+-----------------------------------------------------+-----------------------------+------------------------+
Note: All latches listed above may not be present at the end of synthesis due to various synthesis optimizations.


+------------------------------------------------------------+
; Registers Removed During Synthesis                         ;
+---------------------------------------+--------------------+
; Register name                         ; Reason for Removal ;
+---------------------------------------+--------------------+
; Escrever:Escrever|state~4             ; Lost fanout        ;
; Total Number of Removed Registers = 1 ;                    ;
+---------------------------------------+--------------------+


+------------------------------------------------------+
; General Register Statistics                          ;
+----------------------------------------------+-------+
; Statistic                                    ; Value ;
+----------------------------------------------+-------+
; Total registers                              ; 51    ;
; Number of registers using Synchronous Clear  ; 0     ;
; Number of registers using Synchronous Load   ; 0     ;
; Number of registers using Asynchronous Clear ; 0     ;
; Number of registers using Asynchronous Load  ; 0     ;
; Number of registers using Clock Enable       ; 32    ;
; Number of registers using Preset             ; 0     ;
+----------------------------------------------+-------+


+--------------------------------------------------+
; Inverted Register Statistics                     ;
+----------------------------------------+---------+
; Inverted Register                      ; Fan out ;
+----------------------------------------+---------+
; Escrever:Escrever|contador[0]          ; 3       ;
; Escrever:Escrever|contador[6]          ; 3       ;
; Total number of inverted registers = 2 ;         ;
+----------------------------------------+---------+


+-----------------------------------------------------------------------------------------------------------------------+
; Source assignments for controlador_ram:controlador_ram|altsyncram:altsyncram_component|altsyncram_iln1:auto_generated ;
+---------------------------------+--------------------+------+---------------------------------------------------------+
; Assignment                      ; Value              ; From ; To                                                      ;
+---------------------------------+--------------------+------+---------------------------------------------------------+
; OPTIMIZE_POWER_DURING_SYNTHESIS ; NORMAL_COMPILATION ; -    ; -                                                       ;
+---------------------------------+--------------------+------+---------------------------------------------------------+


+--------------------------------------------------------------------------------------------------------------+
; Parameter Settings for User Entity Instance: controlador_ram:controlador_ram|altsyncram:altsyncram_component ;
+------------------------------------+----------------------+--------------------------------------------------+
; Parameter Name                     ; Value                ; Type                                             ;
+------------------------------------+----------------------+--------------------------------------------------+
; BYTE_SIZE_BLOCK                    ; 8                    ; Untyped                                          ;
; AUTO_CARRY_CHAINS                  ; ON                   ; AUTO_CARRY                                       ;
; IGNORE_CARRY_BUFFERS               ; OFF                  ; IGNORE_CARRY                                     ;
; AUTO_CASCADE_CHAINS                ; ON                   ; AUTO_CASCADE                                     ;
; IGNORE_CASCADE_BUFFERS             ; OFF                  ; IGNORE_CASCADE                                   ;
; WIDTH_BYTEENA                      ; 1                    ; Untyped                                          ;
; OPERATION_MODE                     ; DUAL_PORT            ; Untyped                                          ;
; WIDTH_A                            ; 1                    ; Signed Integer                                   ;
; WIDTHAD_A                          ; 12                   ; Signed Integer                                   ;
; NUMWORDS_A                         ; 4096                 ; Signed Integer                                   ;
; OUTDATA_REG_A                      ; UNREGISTERED         ; Untyped                                          ;
; ADDRESS_ACLR_A                     ; NONE                 ; Untyped                                          ;
; OUTDATA_ACLR_A                     ; NONE                 ; Untyped                                          ;
; WRCONTROL_ACLR_A                   ; NONE                 ; Untyped                                          ;
; INDATA_ACLR_A                      ; NONE                 ; Untyped                                          ;
; BYTEENA_ACLR_A                     ; NONE                 ; Untyped                                          ;
; WIDTH_B                            ; 1                    ; Signed Integer                                   ;
; WIDTHAD_B                          ; 12                   ; Signed Integer                                   ;
; NUMWORDS_B                         ; 4096                 ; Signed Integer                                   ;
; INDATA_REG_B                       ; CLOCK1               ; Untyped                                          ;
; WRCONTROL_WRADDRESS_REG_B          ; CLOCK1               ; Untyped                                          ;
; RDCONTROL_REG_B                    ; CLOCK1               ; Untyped                                          ;
; ADDRESS_REG_B                      ; CLOCK0               ; Untyped                                          ;
; OUTDATA_REG_B                      ; CLOCK0               ; Untyped                                          ;
; BYTEENA_REG_B                      ; CLOCK1               ; Untyped                                          ;
; INDATA_ACLR_B                      ; NONE                 ; Untyped                                          ;
; WRCONTROL_ACLR_B                   ; NONE                 ; Untyped                                          ;
; ADDRESS_ACLR_B                     ; NONE                 ; Untyped                                          ;
; OUTDATA_ACLR_B                     ; NONE                 ; Untyped                                          ;
; RDCONTROL_ACLR_B                   ; NONE                 ; Untyped                                          ;
; BYTEENA_ACLR_B                     ; NONE                 ; Untyped                                          ;
; WIDTH_BYTEENA_A                    ; 1                    ; Signed Integer                                   ;
; WIDTH_BYTEENA_B                    ; 1                    ; Untyped                                          ;
; RAM_BLOCK_TYPE                     ; AUTO                 ; Untyped                                          ;
; BYTE_SIZE                          ; 8                    ; Untyped                                          ;
; READ_DURING_WRITE_MODE_MIXED_PORTS ; DONT_CARE            ; Untyped                                          ;
; READ_DURING_WRITE_MODE_PORT_A      ; NEW_DATA_NO_NBE_READ ; Untyped                                          ;
; READ_DURING_WRITE_MODE_PORT_B      ; NEW_DATA_NO_NBE_READ ; Untyped                                          ;
; INIT_FILE                          ; UNUSED               ; Untyped                                          ;
; INIT_FILE_LAYOUT                   ; PORT_A               ; Untyped                                          ;
; MAXIMUM_DEPTH                      ; 0                    ; Untyped                                          ;
; CLOCK_ENABLE_INPUT_A               ; BYPASS               ; Untyped                                          ;
; CLOCK_ENABLE_INPUT_B               ; BYPASS               ; Untyped                                          ;
; CLOCK_ENABLE_OUTPUT_A              ; NORMAL               ; Untyped                                          ;
; CLOCK_ENABLE_OUTPUT_B              ; BYPASS               ; Untyped                                          ;
; CLOCK_ENABLE_CORE_A                ; USE_INPUT_CLKEN      ; Untyped                                          ;
; CLOCK_ENABLE_CORE_B                ; USE_INPUT_CLKEN      ; Untyped                                          ;
; ENABLE_ECC                         ; FALSE                ; Untyped                                          ;
; ECC_PIPELINE_STAGE_ENABLED         ; FALSE                ; Untyped                                          ;
; WIDTH_ECCSTATUS                    ; 3                    ; Untyped                                          ;
; DEVICE_FAMILY                      ; Cyclone IV E         ; Untyped                                          ;
; CBXI_PARAMETER                     ; altsyncram_iln1      ; Untyped                                          ;
+------------------------------------+----------------------+--------------------------------------------------+
Note: In order to hide this table in the UI and the text report file, please set the "Show Parameter Settings in Synthesis Report" option in "Analysis and Synthesis Settings -> More Settings" to "Off".


+----------------------------------------------------------------+
; Parameter Settings for User Entity Instance: Escrever:Escrever ;
+----------------+-------+---------------------------------------+
; Parameter Name ; Value ; Type                                  ;
+----------------+-------+---------------------------------------+
; MANDAR_PIXEL   ; 00    ; Unsigned Binary                       ;
; FIM            ; 01    ; Unsigned Binary                       ;
+----------------+-------+---------------------------------------+
Note: In order to hide this table in the UI and the text report file, please set the "Show Parameter Settings in Synthesis Report" option in "Analysis and Synthesis Settings -> More Settings" to "Off".


+-------------------------------------------------------------------------------------------------------------+
; altsyncram Parameter Settings by Entity Instance                                                            ;
+-------------------------------------------+-----------------------------------------------------------------+
; Name                                      ; Value                                                           ;
+-------------------------------------------+-----------------------------------------------------------------+
; Number of entity instances                ; 1                                                               ;
; Entity Instance                           ; controlador_ram:controlador_ram|altsyncram:altsyncram_component ;
;     -- OPERATION_MODE                     ; DUAL_PORT                                                       ;
;     -- WIDTH_A                            ; 1                                                               ;
;     -- NUMWORDS_A                         ; 4096                                                            ;
;     -- OUTDATA_REG_A                      ; UNREGISTERED                                                    ;
;     -- WIDTH_B                            ; 1                                                               ;
;     -- NUMWORDS_B                         ; 4096                                                            ;
;     -- ADDRESS_REG_B                      ; CLOCK0                                                          ;
;     -- OUTDATA_REG_B                      ; CLOCK0                                                          ;
;     -- RAM_BLOCK_TYPE                     ; AUTO                                                            ;
;     -- READ_DURING_WRITE_MODE_MIXED_PORTS ; DONT_CARE                                                       ;
+-------------------------------------------+-----------------------------------------------------------------+


+---------------------------------------------------------------------------------------------------------------------------------------+
; Port Connectivity Checks: "Escrever:Escrever"                                                                                         ;
+--------+--------+----------+----------------------------------------------------------------------------------------------------------+
; Port   ; Type   ; Severity ; Details                                                                                                  ;
+--------+--------+----------+----------------------------------------------------------------------------------------------------------+
; ACABOU ; Output ; Warning  ; Declared by entity but not connected by instance. Logic that only feeds a dangling port will be removed. ;
+--------+--------+----------+----------------------------------------------------------------------------------------------------------+


+-------------------------------------------------------------------------------------------------------------------------------------------------------------------------------------------------------+
; Port Connectivity Checks: "hvsync_generator:hvsync"                                                                                                                                                   ;
+----------+--------+----------+------------------------------------------------------------------------------------------------------------------------------------------------------------------------+
; Port     ; Type   ; Severity ; Details                                                                                                                                                                ;
+----------+--------+----------+------------------------------------------------------------------------------------------------------------------------------------------------------------------------+
; CounterY ; Output ; Warning  ; Output or bidir port (9 bits) is smaller than the port expression (10 bits) it drives.  The 1 most-significant bit(s) in the port expression will be connected to GND. ;
+----------+--------+----------+------------------------------------------------------------------------------------------------------------------------------------------------------------------------+


+-------------------------------+
; Elapsed Time Per Partition    ;
+----------------+--------------+
; Partition Name ; Elapsed Time ;
+----------------+--------------+
; Top            ; 00:00:00     ;
+----------------+--------------+


+-------------------------------+
; Analysis & Synthesis Messages ;
+-------------------------------+
Info: *******************************************************************
Info: Running Quartus II 32-bit Analysis & Synthesis
    Info: Version 13.1.0 Build 162 10/23/2013 SJ Web Edition
    Info: Processing started: Fri Aug 03 15:46:02 2018
Info: Command: quartus_map --read_settings_files=on --write_settings_files=off VGA -c VGA
Warning (20028): Parallel compilation is not licensed and has been disabled
Info (12021): Found 1 design units, including 1 entities, in source file escrever.v
    Info (12023): Found entity 1: Escrever
Info (12021): Found 1 design units, including 1 entities, in source file divisor_clock.v
    Info (12023): Found entity 1: divisor_clock
Warning (10275): Verilog HDL Module Instantiation warning at VGADemo.v(34): ignored dangling comma in List of Port Connections
Warning (10275): Verilog HDL Module Instantiation warning at VGADemo.v(54): ignored dangling comma in List of Port Connections
Info (12021): Found 1 design units, including 1 entities, in source file vgademo.v
    Info (12023): Found entity 1: VGADemo
Info (12021): Found 1 design units, including 1 entities, in source file hsync_generator.v
    Info (12023): Found entity 1: hvsync_generator
Info (12021): Found 1 design units, including 1 entities, in source file controlador_ram.v
    Info (12023): Found entity 1: controlador_ram
Info (12127): Elaborating entity "VGADemo" for the top level hierarchy
Warning (10230): Verilog HDL assignment warning at VGADemo.v(64): truncated value with size 32 to match size of target (12)
Info (12128): Elaborating entity "divisor_clock" for hierarchy "divisor_clock:divisor_clock"
Warning (10036): Verilog HDL or VHDL warning at divisor_clock.v(8): object "contador" assigned a value but never read
Info (12128): Elaborating entity "hvsync_generator" for hierarchy "hvsync_generator:hvsync"
Warning (10230): Verilog HDL assignment warning at hsync_generator.v(18): truncated value with size 32 to match size of target (10)
Warning (10230): Verilog HDL assignment warning at hsync_generator.v(27): truncated value with size 32 to match size of target (9)
Info (12128): Elaborating entity "controlador_ram" for hierarchy "controlador_ram:controlador_ram"
Info (12128): Elaborating entity "altsyncram" for hierarchy "controlador_ram:controlador_ram|altsyncram:altsyncram_component"
Info (12130): Elaborated megafunction instantiation "controlador_ram:controlador_ram|altsyncram:altsyncram_component"
Info (12133): Instantiated megafunction "controlador_ram:controlador_ram|altsyncram:altsyncram_component" with the following parameter:
    Info (12134): Parameter "address_aclr_b" = "NONE"
    Info (12134): Parameter "address_reg_b" = "CLOCK0"
    Info (12134): Parameter "clock_enable_input_a" = "BYPASS"
    Info (12134): Parameter "clock_enable_input_b" = "BYPASS"
    Info (12134): Parameter "clock_enable_output_b" = "BYPASS"
    Info (12134): Parameter "intended_device_family" = "Cyclone IV E"
    Info (12134): Parameter "lpm_type" = "altsyncram"
    Info (12134): Parameter "numwords_a" = "4096"
    Info (12134): Parameter "numwords_b" = "4096"
    Info (12134): Parameter "operation_mode" = "DUAL_PORT"
    Info (12134): Parameter "outdata_aclr_b" = "NONE"
    Info (12134): Parameter "outdata_reg_b" = "CLOCK0"
    Info (12134): Parameter "power_up_uninitialized" = "FALSE"
    Info (12134): Parameter "read_during_write_mode_mixed_ports" = "DONT_CARE"
    Info (12134): Parameter "widthad_a" = "12"
    Info (12134): Parameter "widthad_b" = "12"
    Info (12134): Parameter "width_a" = "1"
    Info (12134): Parameter "width_b" = "1"
    Info (12134): Parameter "width_byteena_a" = "1"
Info (12021): Found 1 design units, including 1 entities, in source file db/altsyncram_iln1.tdf
    Info (12023): Found entity 1: altsyncram_iln1
Info (12128): Elaborating entity "altsyncram_iln1" for hierarchy "controlador_ram:controlador_ram|altsyncram:altsyncram_component|altsyncram_iln1:auto_generated"
Info (12128): Elaborating entity "Escrever" for hierarchy "Escrever:Escrever"
Warning (10230): Verilog HDL assignment warning at Escrever.v(23): truncated value with size 32 to match size of target (12)
Warning (10235): Verilog HDL Always Construct warning at Escrever.v(44): variable "contador" is read inside the Always Construct but isn't in the Always Construct's Event Control
Warning (10240): Verilog HDL Always Construct warning at Escrever.v(37): inferring latch(es) for variable "wraddress", which holds its previous value in one or more paths through the always construct
Info (10041): Inferred latch for "wraddress[0]" at Escrever.v(37)
Info (10041): Inferred latch for "wraddress[1]" at Escrever.v(37)
Info (10041): Inferred latch for "wraddress[2]" at Escrever.v(37)
Info (10041): Inferred latch for "wraddress[3]" at Escrever.v(37)
Info (10041): Inferred latch for "wraddress[4]" at Escrever.v(37)
Info (10041): Inferred latch for "wraddress[5]" at Escrever.v(37)
Info (10041): Inferred latch for "wraddress[6]" at Escrever.v(37)
Info (10041): Inferred latch for "wraddress[7]" at Escrever.v(37)
Info (10041): Inferred latch for "wraddress[8]" at Escrever.v(37)
Info (10041): Inferred latch for "wraddress[9]" at Escrever.v(37)
Info (10041): Inferred latch for "wraddress[10]" at Escrever.v(37)
Info (10041): Inferred latch for "wraddress[11]" at Escrever.v(37)
Warning (12241): 2 hierarchies have connectivity warnings - see the Connectivity Checks report folder
Info (286030): Timing-Driven Synthesis is running
Info (17049): 1 registers lost all their fanouts during netlist optimizations.
Info (144001): Generated suppressed messages file Y:/MI-SD-Coprocessador-Imagem/VGA/output_files/VGA.map.smsg
Info (16010): Generating hard_block partition "hard_block:auto_generated_inst"
    Info (16011): Adding 0 node(s), including 0 DDIO, 0 PLL, 0 transceiver and 0 LCELL
Info (21057): Implemented 99 device resources after synthesis - the final resource count might be different
    Info (21058): Implemented 1 input pins
    Info (21059): Implemented 5 output pins
    Info (21061): Implemented 92 logic cells
    Info (21064): Implemented 1 RAM segments
Info: Quartus II 32-bit Analysis & Synthesis was successful. 0 errors, 11 warnings
    Info: Peak virtual memory: 363 megabytes
    Info: Processing ended: Fri Aug 03 15:46:04 2018
    Info: Elapsed time: 00:00:02
    Info: Total CPU time (on all processors): 00:00:02


+------------------------------------------+
; Analysis & Synthesis Suppressed Messages ;
+------------------------------------------+
The suppressed messages can be found in Y:/MI-SD-Coprocessador-Imagem/VGA/output_files/VGA.map.smsg.


>>>>>>> ac1a6383334e61969ddfbc91bd057c6723e877ec
