Info: Starting: Create block symbol file (.bsf)
Info: ip-generate --project-directory="/home/gaut/Documents/Remote Repository/MI-SD-Coprocessador-Imagem/metas/DMA_Controller/" --output-directory="/home/gaut/Documents/Remote Repository/MI-SD-Coprocessador-Imagem/metas/DMA_Controller/dma_controller/" --report-file="bsf:/home/gaut/Documents/Remote Repository/MI-SD-Coprocessador-Imagem/metas/DMA_Controller/dma_controller.bsf" --system-info=DEVICE_FAMILY="Cyclone IV E" --system-info=DEVICE=EP4CE10F17C8 --system-info=DEVICE_SPEEDGRADE=8 --component-file="/home/gaut/Documents/Remote Repository/MI-SD-Coprocessador-Imagem/metas/DMA_Controller/dma_controller.qsys"
Progress: Loading DMA_Controller/dma_controller.qsys
Progress: Reading input file
Progress: Adding clk_0 [clock_source 13.1]
Progress: Parameterizing module clk_0
Progress: Adding onchip_memory2_0 [altera_avalon_onchip_memory2 13.1]
Progress: Parameterizing module onchip_memory2_0
Progress: Building connections
Progress: Parameterizing connections
Progress: Validating
Progress: Done reading input file
Warning: dma_controller.onchip_memory2_0: onchip_memory2_0.s1 must be connected to an Avalon-MM master
Info: ip-generate succeeded.
Info: Finished: Create block symbol file (.bsf)
Info: 
Info: Starting: Create HDL design files for synthesis
Info: ip-generate --project-directory="/home/gaut/Documents/Remote Repository/MI-SD-Coprocessador-Imagem/metas/DMA_Controller/" --output-directory="/home/gaut/Documents/Remote Repository/MI-SD-Coprocessador-Imagem/metas/DMA_Controller/dma_controller/synthesis/" --file-set=QUARTUS_SYNTH --report-file="html:/home/gaut/Documents/Remote Repository/MI-SD-Coprocessador-Imagem/metas/DMA_Controller/dma_controller.html" --report-file="sopcinfo:/home/gaut/Documents/Remote Repository/MI-SD-Coprocessador-Imagem/metas/DMA_Controller/dma_controller.sopcinfo" --report-file="cmp:/home/gaut/Documents/Remote Repository/MI-SD-Coprocessador-Imagem/metas/DMA_Controller/dma_controller.cmp" --report-file="qip:/home/gaut/Documents/Remote Repository/MI-SD-Coprocessador-Imagem/metas/DMA_Controller/dma_controller/synthesis/dma_controller.qip" --report-file=svd --report-file="regmap:/home/gaut/Documents/Remote Repository/MI-SD-Coprocessador-Imagem/metas/DMA_Controller/dma_controller/synthesis/dma_controller.regmap" --report-file="debuginfo:/home/gaut/Documents/Remote Repository/MI-SD-Coprocessador-Imagem/metas/DMA_Controller/dma_controller/synthesis/dma_controller.debuginfo" --system-info=DEVICE_FAMILY="Cyclone IV E" --system-info=DEVICE=EP4CE10F17C8 --system-info=DEVICE_SPEEDGRADE=8 --component-file="/home/gaut/Documents/Remote Repository/MI-SD-Coprocessador-Imagem/metas/DMA_Controller/dma_controller.qsys" --language=VERILOG
Progress: Loading DMA_Controller/dma_controller.qsys
Progress: Reading input file
Progress: Adding clk_0 [clock_source 13.1]
Progress: Parameterizing module clk_0
Progress: Adding onchip_memory2_0 [altera_avalon_onchip_memory2 13.1]
Progress: Parameterizing module onchip_memory2_0
Progress: Building connections
Progress: Parameterizing connections
Progress: Validating
Progress: Done reading input file
Warning: dma_controller.onchip_memory2_0: onchip_memory2_0.s1 must be connected to an Avalon-MM master
Info: dma_controller: Generating dma_controller "dma_controller" for QUARTUS_SYNTH
Info: pipeline_bridge_swap_transform: After transform: 2 modules, 3 connections
Info: No custom instruction connections, skipping transform 
Info: reset_adaptation_transform: After transform: 3 modules, 5 connections
Info: onchip_memory2_0: Starting RTL generation for module 'dma_controller_onchip_memory2_0'
Info: onchip_memory2_0:   Generation command is [exec /home/gaut/Programs/altera/13.1/quartus/linux/perl/bin/perl -I /home/gaut/Programs/altera/13.1/quartus/linux/perl/lib -I /home/gaut/Programs/altera/13.1/quartus/sopc_builder/bin/europa -I /home/gaut/Programs/altera/13.1/quartus/sopc_builder/bin/perl_lib -I /home/gaut/Programs/altera/13.1/quartus/sopc_builder/bin -I /home/gaut/Programs/altera/13.1/quartus/../ip/altera/sopc_builder_ip/common -I /home/gaut/Programs/altera/13.1/quartus/../ip/altera/sopc_builder_ip/altera_avalon_onchip_memory2 -- /home/gaut/Programs/altera/13.1/quartus/../ip/altera/sopc_builder_ip/altera_avalon_onchip_memory2/generate_rtl.pl --name=dma_controller_onchip_memory2_0 --dir=/tmp/alt7746_2951728883122471269.dir/0001_onchip_memory2_0_gen/ --quartus_dir=/home/gaut/Programs/altera/13.1/quartus --verilog --config=/tmp/alt7746_2951728883122471269.dir/0001_onchip_memory2_0_gen//dma_controller_onchip_memory2_0_component_configuration.pl  --do_build_sim=0  ]
Info: onchip_memory2_0: Done RTL generation for module 'dma_controller_onchip_memory2_0'
Info: onchip_memory2_0: "dma_controller" instantiated altera_avalon_onchip_memory2 "onchip_memory2_0"
Info: rst_controller: "dma_controller" instantiated altera_reset_controller "rst_controller"
Info: dma_controller: Done "dma_controller" with 3 modules, 5 files, 28082 bytes
Info: ip-generate succeeded.
Info: Finished: Create HDL design files for synthesis
