Info: Starting: Create block symbol file (.bsf)
Info: ip-generate --project-directory="/home/gaut/Documents/Remote Repository/MI-SD-Coprocessador-Imagem/metas/UART/" --output-directory="/home/gaut/Documents/Remote Repository/MI-SD-Coprocessador-Imagem/metas/UART/uart/" --report-file="bsf:/home/gaut/Documents/Remote Repository/MI-SD-Coprocessador-Imagem/metas/UART/uart.bsf" --system-info=DEVICE_FAMILY="Cyclone IV E" --system-info=DEVICE=EP4CE10F17C8 --system-info=DEVICE_SPEEDGRADE=8 --component-file="/home/gaut/Documents/Remote Repository/MI-SD-Coprocessador-Imagem/metas/UART/uart.qsys"
Progress: Loading UART/uart.qsys
Progress: Reading input file
Progress: Adding clk_0 [clock_source 13.1]
Progress: Parameterizing module clk_0
Progress: Adding rs232_0 [altera_up_avalon_rs232 13.0]
Progress: Parameterizing module rs232_0
Progress: Adding uart_0 [altera_avalon_uart 13.1]
Progress: Parameterizing module uart_0
Progress: Building connections
Progress: Parameterizing connections
Progress: Validating
Progress: Done reading input file
Warning: uart.rs232_0: rs232_0.avalon_rs232_slave must be connected to an Avalon-MM master
Warning: uart.uart_0: uart_0.s1 must be connected to an Avalon-MM master
Warning: uart.rs232_0: Interrupt sender rs232_0.interrupt is not connected to an interrupt receiver
Warning: uart.uart_0: Interrupt sender uart_0.irq is not connected to an interrupt receiver
Info: ip-generate succeeded.
Info: Finished: Create block symbol file (.bsf)
Info: 
Info: Starting: Create HDL design files for synthesis
Info: ip-generate --project-directory="/home/gaut/Documents/Remote Repository/MI-SD-Coprocessador-Imagem/metas/UART/" --output-directory="/home/gaut/Documents/Remote Repository/MI-SD-Coprocessador-Imagem/metas/UART/uart/synthesis/" --file-set=QUARTUS_SYNTH --report-file="html:/home/gaut/Documents/Remote Repository/MI-SD-Coprocessador-Imagem/metas/UART/uart.html" --report-file="sopcinfo:/home/gaut/Documents/Remote Repository/MI-SD-Coprocessador-Imagem/metas/UART/uart.sopcinfo" --report-file="cmp:/home/gaut/Documents/Remote Repository/MI-SD-Coprocessador-Imagem/metas/UART/uart.cmp" --report-file="qip:/home/gaut/Documents/Remote Repository/MI-SD-Coprocessador-Imagem/metas/UART/uart/synthesis/uart.qip" --report-file=svd --report-file="regmap:/home/gaut/Documents/Remote Repository/MI-SD-Coprocessador-Imagem/metas/UART/uart/synthesis/uart.regmap" --report-file="debuginfo:/home/gaut/Documents/Remote Repository/MI-SD-Coprocessador-Imagem/metas/UART/uart/synthesis/uart.debuginfo" --system-info=DEVICE_FAMILY="Cyclone IV E" --system-info=DEVICE=EP4CE10F17C8 --system-info=DEVICE_SPEEDGRADE=8 --component-file="/home/gaut/Documents/Remote Repository/MI-SD-Coprocessador-Imagem/metas/UART/uart.qsys" --language=VERILOG
Progress: Loading UART/uart.qsys
Progress: Reading input file
Progress: Adding clk_0 [clock_source 13.1]
Progress: Parameterizing module clk_0
Progress: Adding rs232_0 [altera_up_avalon_rs232 13.0]
Progress: Parameterizing module rs232_0
Progress: Adding uart_0 [altera_avalon_uart 13.1]
Progress: Parameterizing module uart_0
Progress: Building connections
Progress: Parameterizing connections
Progress: Validating
Progress: Done reading input file
Warning: uart.rs232_0: rs232_0.avalon_rs232_slave must be connected to an Avalon-MM master
Warning: uart.uart_0: uart_0.s1 must be connected to an Avalon-MM master
Warning: uart.rs232_0: Interrupt sender rs232_0.interrupt is not connected to an interrupt receiver
Warning: uart.uart_0: Interrupt sender uart_0.irq is not connected to an interrupt receiver
Info: uart: Generating uart "uart" for QUARTUS_SYNTH
Info: pipeline_bridge_swap_transform: After transform: 3 modules, 4 connections
Info: No custom instruction connections, skipping transform 
Info: reset_adaptation_transform: After transform: 4 modules, 6 connections
Info: rs232_0: Starting Generation of RS232 UART
Info: rs232_0: "uart" instantiated altera_up_avalon_rs232 "rs232_0"
Info: uart_0: Starting RTL generation for module 'uart_uart_0'
Info: uart_0:   Generation command is [exec /home/gaut/Programs/altera/13.1/quartus/linux/perl/bin/perl -I /home/gaut/Programs/altera/13.1/quartus/linux/perl/lib -I /home/gaut/Programs/altera/13.1/quartus/sopc_builder/bin/europa -I /home/gaut/Programs/altera/13.1/quartus/sopc_builder/bin/perl_lib -I /home/gaut/Programs/altera/13.1/quartus/sopc_builder/bin -I /home/gaut/Programs/altera/13.1/quartus/../ip/altera/sopc_builder_ip/common -I /home/gaut/Programs/altera/13.1/quartus/../ip/altera/sopc_builder_ip/altera_avalon_uart -- /home/gaut/Programs/altera/13.1/quartus/../ip/altera/sopc_builder_ip/altera_avalon_uart/generate_rtl.pl --name=uart_uart_0 --dir=/tmp/alt7737_7784458802296770798.dir/0006_uart_0_gen/ --quartus_dir=/home/gaut/Programs/altera/13.1/quartus --verilog --config=/tmp/alt7737_7784458802296770798.dir/0006_uart_0_gen//uart_uart_0_component_configuration.pl  --do_build_sim=0  ]
Info: uart_0: Done RTL generation for module 'uart_uart_0'
Info: uart_0: "uart" instantiated altera_avalon_uart "uart_0"
Info: rst_controller: "uart" instantiated altera_reset_controller "rst_controller"
Info: uart: Done "uart" with 4 modules, 10 files, 89904 bytes
Info: ip-generate succeeded.
Info: Finished: Create HDL design files for synthesis
