Analysis & Synthesis report for FPGA_TOP_MIV
Thu Jun  7 15:18:08 2018
Quartus II 32-bit Version 13.0.1 Build 232 06/12/2013 Service Pack 1 SJ Web Edition


---------------------
; Table of Contents ;
---------------------
  1. Legal Notice
  2. Analysis & Synthesis Summary
  3. Analysis & Synthesis Settings
  4. Parallel Compilation
  5. Analysis & Synthesis Source Files Read
  6. Analysis & Synthesis Resource Usage Summary
  7. Analysis & Synthesis Resource Utilization by Entity
  8. State Machine - |FPGA_TOP_MIV|Lab2Lock:Lab2LockFSM|state
  9. State Machine - |FPGA_TOP_MIV|LevelToPulse:LockEnterPulse|state
 10. User-Specified and Inferred Latches
 11. Registers Removed During Synthesis
 12. General Register Statistics
 13. Parameter Settings for User Entity Instance: Top-level Entity: |FPGA_TOP_MIV
 14. Parameter Settings for User Entity Instance: LevelToPulse:LockEnterPulse
 15. Parameter Settings for User Entity Instance: Lab2Lock:Lab2LockFSM
 16. Elapsed Time Per Partition
 17. Analysis & Synthesis Messages
 18. Analysis & Synthesis Suppressed Messages



----------------
; Legal Notice ;
----------------
Copyright (C) 1991-2013 Altera Corporation
Your use of Altera Corporation's design tools, logic functions 
and other software and tools, and its AMPP partner logic 
functions, and any output files from any of the foregoing 
(including device programming or simulation files), and any 
associated documentation or information are expressly subject 
to the terms and conditions of the Altera Program License 
Subscription Agreement, Altera MegaCore Function License 
Agreement, or other applicable license agreement, including, 
without limitation, that your use is for the sole purpose of 
programming logic devices manufactured by Altera and sold by 
Altera or its authorized distributors.  Please refer to the 
applicable agreement for further details.



+--------------------------------------------------------------------------------------+
; Analysis & Synthesis Summary                                                         ;
+------------------------------------+-------------------------------------------------+
; Analysis & Synthesis Status        ; Successful - Thu Jun  7 15:18:08 2018           ;
; Quartus II 32-bit Version          ; 13.0.1 Build 232 06/12/2013 SP 1 SJ Web Edition ;
; Revision Name                      ; FPGA_TOP_MIV                                    ;
; Top-level Entity Name              ; FPGA_TOP_MIV                                    ;
; Family                             ; Cyclone IV E                                    ;
; Total logic elements               ; 20                                              ;
;     Total combinational functions  ; 20                                              ;
;     Dedicated logic registers      ; 8                                               ;
; Total registers                    ; 8                                               ;
; Total pins                         ; 33                                              ;
; Total virtual pins                 ; 0                                               ;
; Total memory bits                  ; 0                                               ;
; Embedded Multiplier 9-bit elements ; 0                                               ;
; Total PLLs                         ; 0                                               ;
+------------------------------------+-------------------------------------------------+


+----------------------------------------------------------------------------------------------------------------------+
; Analysis & Synthesis Settings                                                                                        ;
+----------------------------------------------------------------------------+--------------------+--------------------+
; Option                                                                     ; Setting            ; Default Value      ;
+----------------------------------------------------------------------------+--------------------+--------------------+
; Device                                                                     ; EP4CE30F23C7       ;                    ;
; Top-level entity name                                                      ; FPGA_TOP_MIV       ; FPGA_TOP_MIV       ;
; Family name                                                                ; Cyclone IV E       ; Cyclone IV GX      ;
; Use smart compilation                                                      ; Off                ; Off                ;
; Enable parallel Assembler and TimeQuest Timing Analyzer during compilation ; On                 ; On                 ;
; Enable compact report table                                                ; Off                ; Off                ;
; Restructure Multiplexers                                                   ; Auto               ; Auto               ;
; Create Debugging Nodes for IP Cores                                        ; Off                ; Off                ;
; Preserve fewer node names                                                  ; On                 ; On                 ;
; Disable OpenCore Plus hardware evaluation                                  ; Off                ; Off                ;
; Verilog Version                                                            ; Verilog_2001       ; Verilog_2001       ;
; VHDL Version                                                               ; VHDL_1993          ; VHDL_1993          ;
; State Machine Processing                                                   ; Auto               ; Auto               ;
; Safe State Machine                                                         ; Off                ; Off                ;
; Extract Verilog State Machines                                             ; On                 ; On                 ;
; Extract VHDL State Machines                                                ; On                 ; On                 ;
; Ignore Verilog initial constructs                                          ; Off                ; Off                ;
; Iteration limit for constant Verilog loops                                 ; 5000               ; 5000               ;
; Iteration limit for non-constant Verilog loops                             ; 250                ; 250                ;
; Add Pass-Through Logic to Inferred RAMs                                    ; On                 ; On                 ;
; Infer RAMs from Raw Logic                                                  ; On                 ; On                 ;
; Parallel Synthesis                                                         ; On                 ; On                 ;
; DSP Block Balancing                                                        ; Auto               ; Auto               ;
; NOT Gate Push-Back                                                         ; On                 ; On                 ;
; Power-Up Don't Care                                                        ; On                 ; On                 ;
; Remove Redundant Logic Cells                                               ; Off                ; Off                ;
; Remove Duplicate Registers                                                 ; On                 ; On                 ;
; Ignore CARRY Buffers                                                       ; Off                ; Off                ;
; Ignore CASCADE Buffers                                                     ; Off                ; Off                ;
; Ignore GLOBAL Buffers                                                      ; Off                ; Off                ;
; Ignore ROW GLOBAL Buffers                                                  ; Off                ; Off                ;
; Ignore LCELL Buffers                                                       ; Off                ; Off                ;
; Ignore SOFT Buffers                                                        ; On                 ; On                 ;
; Limit AHDL Integers to 32 Bits                                             ; Off                ; Off                ;
; Optimization Technique                                                     ; Balanced           ; Balanced           ;
; Carry Chain Length                                                         ; 70                 ; 70                 ;
; Auto Carry Chains                                                          ; On                 ; On                 ;
; Auto Open-Drain Pins                                                       ; On                 ; On                 ;
; Perform WYSIWYG Primitive Resynthesis                                      ; Off                ; Off                ;
; Auto ROM Replacement                                                       ; On                 ; On                 ;
; Auto RAM Replacement                                                       ; On                 ; On                 ;
; Auto DSP Block Replacement                                                 ; On                 ; On                 ;
; Auto Shift Register Replacement                                            ; Auto               ; Auto               ;
; Allow Shift Register Merging across Hierarchies                            ; Auto               ; Auto               ;
; Auto Clock Enable Replacement                                              ; On                 ; On                 ;
; Strict RAM Replacement                                                     ; Off                ; Off                ;
; Allow Synchronous Control Signals                                          ; On                 ; On                 ;
; Force Use of Synchronous Clear Signals                                     ; Off                ; Off                ;
; Auto RAM Block Balancing                                                   ; On                 ; On                 ;
; Auto RAM to Logic Cell Conversion                                          ; Off                ; Off                ;
; Auto Resource Sharing                                                      ; Off                ; Off                ;
; Allow Any RAM Size For Recognition                                         ; Off                ; Off                ;
; Allow Any ROM Size For Recognition                                         ; Off                ; Off                ;
; Allow Any Shift Register Size For Recognition                              ; Off                ; Off                ;
; Use LogicLock Constraints during Resource Balancing                        ; On                 ; On                 ;
; Ignore translate_off and synthesis_off directives                          ; Off                ; Off                ;
; Timing-Driven Synthesis                                                    ; On                 ; On                 ;
; Report Parameter Settings                                                  ; On                 ; On                 ;
; Report Source Assignments                                                  ; On                 ; On                 ;
; Report Connectivity Checks                                                 ; On                 ; On                 ;
; Ignore Maximum Fan-Out Assignments                                         ; Off                ; Off                ;
; Synchronization Register Chain Length                                      ; 2                  ; 2                  ;
; PowerPlay Power Optimization                                               ; Normal compilation ; Normal compilation ;
; HDL message level                                                          ; Level2             ; Level2             ;
; Suppress Register Optimization Related Messages                            ; Off                ; Off                ;
; Number of Removed Registers Reported in Synthesis Report                   ; 5000               ; 5000               ;
; Number of Swept Nodes Reported in Synthesis Report                         ; 5000               ; 5000               ;
; Number of Inverted Registers Reported in Synthesis Report                  ; 100                ; 100                ;
; Clock MUX Protection                                                       ; On                 ; On                 ;
; Auto Gated Clock Conversion                                                ; Off                ; Off                ;
; Block Design Naming                                                        ; Auto               ; Auto               ;
; SDC constraint protection                                                  ; Off                ; Off                ;
; Synthesis Effort                                                           ; Auto               ; Auto               ;
; Shift Register Replacement - Allow Asynchronous Clear Signal               ; On                 ; On                 ;
; Pre-Mapping Resynthesis Optimization                                       ; Off                ; Off                ;
; Analysis & Synthesis Message Level                                         ; Medium             ; Medium             ;
; Disable Register Merging Across Hierarchies                                ; Auto               ; Auto               ;
; Resource Aware Inference For Block RAM                                     ; On                 ; On                 ;
; Synthesis Seed                                                             ; 1                  ; 1                  ;
+----------------------------------------------------------------------------+--------------------+--------------------+


Parallel compilation was disabled, but you have multiple processors available. Enable parallel compilation to reduce compilation time.
+-------------------------------------+
; Parallel Compilation                ;
+----------------------------+--------+
; Processors                 ; Number ;
+----------------------------+--------+
; Number detected on machine ; 2      ;
; Maximum allowed            ; 1      ;
+----------------------------+--------+


+----------------------------------------------------------------------------------------------------------------------------------------------------+
; Analysis & Synthesis Source Files Read                                                                                                             ;
+----------------------------------+-----------------+------------------------+------------------------------------------------------------+---------+
; File Name with User-Entered Path ; Used in Netlist ; File Type              ; File Name with Absolute Path                               ; Library ;
+----------------------------------+-----------------+------------------------+------------------------------------------------------------+---------+
; ../verilog/FPGA_TOP_MIV.v        ; yes             ; User Verilog HDL File  ; /home/aluno/Documentos/GuTeiVi/lab3/verilog/FPGA_TOP_MIV.v ;         ;
; ../verilog/LevelToPulse.v        ; yes             ; User Verilog HDL File  ; /home/aluno/Documentos/GuTeiVi/lab3/verilog/LevelToPulse.v ;         ;
; ../verilog/Lab2Lock.v            ; yes             ; User Verilog HDL File  ; /home/aluno/Documentos/GuTeiVi/lab3/verilog/Lab2Lock.v     ;         ;
+----------------------------------+-----------------+------------------------+------------------------------------------------------------+---------+


+------------------------------------------------------------+
; Analysis & Synthesis Resource Usage Summary                ;
+---------------------------------------------+--------------+
; Resource                                    ; Usage        ;
+---------------------------------------------+--------------+
; Estimated Total logic elements              ; 20           ;
;                                             ;              ;
; Total combinational functions               ; 20           ;
; Logic element usage by number of LUT inputs ;              ;
;     -- 4 input functions                    ; 5            ;
;     -- 3 input functions                    ; 9            ;
;     -- <=2 input functions                  ; 6            ;
;                                             ;              ;
; Logic elements by mode                      ;              ;
;     -- normal mode                          ; 20           ;
;     -- arithmetic mode                      ; 0            ;
;                                             ;              ;
; Total registers                             ; 8            ;
;     -- Dedicated logic registers            ; 8            ;
;     -- I/O registers                        ; 0            ;
;                                             ;              ;
; I/O pins                                    ; 33           ;
; Embedded Multiplier 9-bit elements          ; 0            ;
; Maximum fan-out node                        ; KEY[0]~input ;
; Maximum fan-out                             ; 10           ;
; Total fan-out                               ; 114          ;
; Average fan-out                             ; 1.21         ;
+---------------------------------------------+--------------+


+---------------------------------------------------------------------------------------------------------------------------------------------------------------------------------------------------------+
; Analysis & Synthesis Resource Utilization by Entity                                                                                                                                                     ;
+----------------------------------+-------------------+--------------+-------------+--------------+---------+-----------+------+--------------+-------------------------------------------+--------------+
; Compilation Hierarchy Node       ; LC Combinationals ; LC Registers ; Memory Bits ; DSP Elements ; DSP 9x9 ; DSP 18x18 ; Pins ; Virtual Pins ; Full Hierarchy Name                       ; Library Name ;
+----------------------------------+-------------------+--------------+-------------+--------------+---------+-----------+------+--------------+-------------------------------------------+--------------+
; |FPGA_TOP_MIV                    ; 20 (0)            ; 8 (0)        ; 0           ; 0            ; 0       ; 0         ; 33   ; 0            ; |FPGA_TOP_MIV                             ; work         ;
;    |Lab2Lock:Lab2LockFSM|        ; 18 (18)           ; 6 (6)        ; 0           ; 0            ; 0       ; 0         ; 0    ; 0            ; |FPGA_TOP_MIV|Lab2Lock:Lab2LockFSM        ; work         ;
;    |LevelToPulse:LockEnterPulse| ; 2 (2)             ; 2 (2)        ; 0           ; 0            ; 0       ; 0         ; 0    ; 0            ; |FPGA_TOP_MIV|LevelToPulse:LockEnterPulse ; work         ;
+----------------------------------+-------------------+--------------+-------------+--------------+---------+-----------+------+--------------+-------------------------------------------+--------------+
Note: For table entries with two numbers listed, the numbers in parentheses indicate the number of resources of the given type used by the specific entity alone. The numbers listed outside of parentheses indicate the total resources of the given type used by the specific entity and all of its sub-entities in the hierarchy.


Encoding Type:  One-Hot
+--------------------------------------------------------------------------------------------+
; State Machine - |FPGA_TOP_MIV|Lab2Lock:Lab2LockFSM|state                                   ;
+--------------+------------+----------+------------+------------+--------------+------------+
; Name         ; state.OPEN ; state.OK ; state.BAD1 ; state.BAD2 ; state.LOCKED ; state.IDLE ;
+--------------+------------+----------+------------+------------+--------------+------------+
; state.IDLE   ; 0          ; 0        ; 0          ; 0          ; 0            ; 0          ;
; state.LOCKED ; 0          ; 0        ; 0          ; 0          ; 1            ; 1          ;
; state.BAD2   ; 0          ; 0        ; 0          ; 1          ; 0            ; 1          ;
; state.BAD1   ; 0          ; 0        ; 1          ; 0          ; 0            ; 1          ;
; state.OK     ; 0          ; 1        ; 0          ; 0          ; 0            ; 1          ;
; state.OPEN   ; 1          ; 0        ; 0          ; 0          ; 0            ; 1          ;
+--------------+------------+----------+------------+------------+--------------+------------+


Encoding Type:  One-Hot
+------------------------------------------------------------------+
; State Machine - |FPGA_TOP_MIV|LevelToPulse:LockEnterPulse|state  ;
+-------------------+-------------+-------------------+------------+
; Name              ; state.SOLTO ; state.PRESSIONADO ; state.IDLE ;
+-------------------+-------------+-------------------+------------+
; state.IDLE        ; 0           ; 0                 ; 0          ;
; state.SOLTO       ; 1           ; 0                 ; 1          ;
; state.PRESSIONADO ; 0           ; 1                 ; 1          ;
+-------------------+-------------+-------------------+------------+


+------------------------------------------------------------------------------------------------------------+
; User-Specified and Inferred Latches                                                                        ;
+----------------------------------------------------+------------------------------+------------------------+
; Latch Name                                         ; Latch Enable Signal          ; Free of Timing Hazards ;
+----------------------------------------------------+------------------------------+------------------------+
; Lab2Lock:Lab2LockFSM|Fail                          ; Lab2Lock:Lab2LockFSM|WideOr7 ; yes                    ;
; Lab2Lock:Lab2LockFSM|Open                          ; Lab2Lock:Lab2LockFSM|WideOr6 ; yes                    ;
; Number of user-specified and inferred latches = 2  ;                              ;                        ;
+----------------------------------------------------+------------------------------+------------------------+
Note: All latches listed above may not be present at the end of synthesis due to various synthesis optimizations.


+--------------------------------------------------------------------+
; Registers Removed During Synthesis                                 ;
+-----------------------------------------------+--------------------+
; Register name                                 ; Reason for Removal ;
+-----------------------------------------------+--------------------+
; Lab2Lock:Lab2LockFSM|state~2                  ; Lost fanout        ;
; Lab2Lock:Lab2LockFSM|state~3                  ; Lost fanout        ;
; Lab2Lock:Lab2LockFSM|state~4                  ; Lost fanout        ;
; LevelToPulse:LockEnterPulse|state.PRESSIONADO ; Lost fanout        ;
; Total Number of Removed Registers = 4         ;                    ;
+-----------------------------------------------+--------------------+


+------------------------------------------------------+
; General Register Statistics                          ;
+----------------------------------------------+-------+
; Statistic                                    ; Value ;
+----------------------------------------------+-------+
; Total registers                              ; 8     ;
; Number of registers using Synchronous Clear  ; 0     ;
; Number of registers using Synchronous Load   ; 0     ;
; Number of registers using Asynchronous Clear ; 0     ;
; Number of registers using Asynchronous Load  ; 0     ;
; Number of registers using Clock Enable       ; 2     ;
; Number of registers using Preset             ; 0     ;
+----------------------------------------------+-------+


+------------------------------------------------------------------------------+
; Parameter Settings for User Entity Instance: Top-level Entity: |FPGA_TOP_MIV ;
+----------------+----------+--------------------------------------------------+
; Parameter Name ; Value    ; Type                                             ;
+----------------+----------+--------------------------------------------------+
; ClockFreq      ; 50000000 ; Signed Integer                                   ;
+----------------+----------+--------------------------------------------------+
Note: In order to hide this table in the UI and the text report file, please set the "Show Parameter Settings in Synthesis Report" option in "Analysis and Synthesis Settings -> More Settings" to "Off".


+--------------------------------------------------------------------------+
; Parameter Settings for User Entity Instance: LevelToPulse:LockEnterPulse ;
+----------------+-------+-------------------------------------------------+
; Parameter Name ; Value ; Type                                            ;
+----------------+-------+-------------------------------------------------+
; IDLE           ; 00    ; Unsigned Binary                                 ;
; SOLTO          ; 01    ; Unsigned Binary                                 ;
; PRESSIONADO    ; 11    ; Unsigned Binary                                 ;
+----------------+-------+-------------------------------------------------+
Note: In order to hide this table in the UI and the text report file, please set the "Show Parameter Settings in Synthesis Report" option in "Analysis and Synthesis Settings -> More Settings" to "Off".


+-------------------------------------------------------------------+
; Parameter Settings for User Entity Instance: Lab2Lock:Lab2LockFSM ;
+----------------+-------+------------------------------------------+
; Parameter Name ; Value ; Type                                     ;
+----------------+-------+------------------------------------------+
; IDLE           ; 000   ; Unsigned Binary                          ;
; LOCKED         ; 001   ; Unsigned Binary                          ;
; BAD1           ; 011   ; Unsigned Binary                          ;
; BAD2           ; 010   ; Unsigned Binary                          ;
; OK             ; 110   ; Unsigned Binary                          ;
; OPEN           ; 111   ; Unsigned Binary                          ;
+----------------+-------+------------------------------------------+
Note: In order to hide this table in the UI and the text report file, please set the "Show Parameter Settings in Synthesis Report" option in "Analysis and Synthesis Settings -> More Settings" to "Off".


+-------------------------------+
; Elapsed Time Per Partition    ;
+----------------+--------------+
; Partition Name ; Elapsed Time ;
+----------------+--------------+
; Top            ; 00:00:02     ;
+----------------+--------------+


+-------------------------------+
; Analysis & Synthesis Messages ;
+-------------------------------+
Info: *******************************************************************
Info: Running Quartus II 32-bit Analysis & Synthesis
    Info: Version 13.0.1 Build 232 06/12/2013 Service Pack 1 SJ Web Edition
    Info: Processing started: Thu Jun  7 15:18:03 2018
Info: Command: quartus_map --read_settings_files=on --write_settings_files=off FPGA_TOP_MIV -c FPGA_TOP_MIV
Warning (20028): Parallel compilation is not licensed and has been disabled
Info (12021): Found 1 design units, including 1 entities, in source file /home/aluno/Documentos/GuTeiVi/lab3/verilog/FPGA_TOP_MIV.v
    Info (12023): Found entity 1: FPGA_TOP_MIV
Info (12021): Found 1 design units, including 1 entities, in source file /home/aluno/Documentos/GuTeiVi/lab3/verilog/LevelToPulse.v
    Info (12023): Found entity 1: LevelToPulse
Info (12021): Found 1 design units, including 1 entities, in source file /home/aluno/Documentos/GuTeiVi/lab3/verilog/Lab2Lock.v
    Info (12023): Found entity 1: Lab2Lock
Info (12127): Elaborating entity "FPGA_TOP_MIV" for the top level hierarchy
Info (12128): Elaborating entity "LevelToPulse" for hierarchy "LevelToPulse:LockEnterPulse"
Warning (10235): Verilog HDL Always Construct warning at LevelToPulse.v(87): variable "state" is read inside the Always Construct but isn't in the Always Construct's Event Control
Info (12128): Elaborating entity "Lab2Lock" for hierarchy "Lab2Lock:Lab2LockFSM"
Warning (10235): Verilog HDL Always Construct warning at Lab2Lock.v(116): variable "Digit" is read inside the Always Construct but isn't in the Always Construct's Event Control
Warning (10235): Verilog HDL Always Construct warning at Lab2Lock.v(123): variable "Digit" is read inside the Always Construct but isn't in the Always Construct's Event Control
Warning (10240): Verilog HDL Always Construct warning at Lab2Lock.v(107): inferring latch(es) for variable "Open", which holds its previous value in one or more paths through the always construct
Warning (10240): Verilog HDL Always Construct warning at Lab2Lock.v(107): inferring latch(es) for variable "Fail", which holds its previous value in one or more paths through the always construct
Info (10041): Inferred latch for "Fail" at Lab2Lock.v(107)
Info (10041): Inferred latch for "Open" at Lab2Lock.v(107)
Warning (13012): Latch Lab2Lock:Lab2LockFSM|Fail has unsafe behavior
    Warning (13013): Ports D and ENA on the latch are fed by the same signal Lab2Lock:Lab2LockFSM|state.BAD2
Warning (13012): Latch Lab2Lock:Lab2LockFSM|Open has unsafe behavior
    Warning (13013): Ports D and ENA on the latch are fed by the same signal Lab2Lock:Lab2LockFSM|state.OPEN
Warning (13024): Output pins are stuck at VCC or GND
    Warning (13410): Pin "LED_G" is stuck at GND
    Warning (13410): Pin "LEDM_C[0]" is stuck at GND
    Warning (13410): Pin "LEDM_C[1]" is stuck at VCC
    Warning (13410): Pin "LEDM_C[2]" is stuck at VCC
    Warning (13410): Pin "LEDM_C[3]" is stuck at VCC
    Warning (13410): Pin "LEDM_C[4]" is stuck at VCC
    Warning (13410): Pin "LEDM_R[3]" is stuck at VCC
    Warning (13410): Pin "LEDM_R[4]" is stuck at VCC
    Warning (13410): Pin "LEDM_R[5]" is stuck at VCC
    Warning (13410): Pin "LEDM_R[6]" is stuck at VCC
    Warning (13410): Pin "LEDM_R[7]" is stuck at VCC
Info (286030): Timing-Driven Synthesis is running
Info (17049): 4 registers lost all their fanouts during netlist optimizations.
Info (144001): Generated suppressed messages file /home/aluno/Documentos/GuTeiVi/lab3/fpga/FPGA_TOP_MIV.map.smsg
Info (16010): Generating hard_block partition "hard_block:auto_generated_inst"
    Info (16011): Adding 0 node(s), including 0 DDIO, 0 PLL, 0 transceiver and 0 LCELL
Warning (21074): Design contains 10 input pin(s) that do not drive logic
    Warning (15610): No output dependent on input pin "KEY[1]"
    Warning (15610): No output dependent on input pin "KEY[2]"
    Warning (15610): No output dependent on input pin "KEY[3]"
    Warning (15610): No output dependent on input pin "KEY[4]"
    Warning (15610): No output dependent on input pin "KEY[5]"
    Warning (15610): No output dependent on input pin "KEY[6]"
    Warning (15610): No output dependent on input pin "KEY[7]"
    Warning (15610): No output dependent on input pin "KEY[8]"
    Warning (15610): No output dependent on input pin "KEY[9]"
    Warning (15610): No output dependent on input pin "KEY[10]"
Info (21057): Implemented 53 device resources after synthesis - the final resource count might be different
    Info (21058): Implemented 17 input pins
    Info (21059): Implemented 16 output pins
    Info (21061): Implemented 20 logic cells
Info: Quartus II 32-bit Analysis & Synthesis was successful. 0 errors, 33 warnings
    Info: Peak virtual memory: 341 megabytes
    Info: Processing ended: Thu Jun  7 15:18:08 2018
    Info: Elapsed time: 00:00:05
    Info: Total CPU time (on all processors): 00:00:06


+------------------------------------------+
; Analysis & Synthesis Suppressed Messages ;
+------------------------------------------+
The suppressed messages can be found in /home/aluno/Documentos/GuTeiVi/lab3/fpga/FPGA_TOP_MIV.map.smsg.


