Flow report for NovoQuartus
Mon Jul 16 10:49:35 2018
Quartus II 32-bit Version 13.1.0 Build 162 10/23/2013 SJ Web Edition


---------------------
; Table of Contents ;
---------------------
  1. Legal Notice
  2. Flow Summary
  3. Flow Settings
  4. Flow Non-Default Global Settings
  5. Flow Elapsed Time
  6. Flow OS Summary
  7. Flow Log
  8. Flow Messages
  9. Flow Suppressed Messages



----------------
; Legal Notice ;
----------------
Copyright (C) 1991-2013 Altera Corporation
Your use of Altera Corporation's design tools, logic functions 
and other software and tools, and its AMPP partner logic 
functions, and any output files from any of the foregoing 
(including device programming or simulation files), and any 
associated documentation or information are expressly subject 
to the terms and conditions of the Altera Program License 
Subscription Agreement, Altera MegaCore Function License 
Agreement, or other applicable license agreement, including, 
without limitation, that your use is for the sole purpose of 
programming logic devices manufactured by Altera and sold by 
Altera or its authorized distributors.  Please refer to the 
applicable agreement for further details.



+---------------------------------------------------------------------------------+
; Flow Summary                                                                    ;
+------------------------------------+--------------------------------------------+
; Flow Status                        ; Successful - Mon Jul 16 10:49:35 2018      ;
; Quartus II 32-bit Version          ; 13.1.0 Build 162 10/23/2013 SJ Web Edition ;
; Revision Name                      ; NovoQuartus                                ;
; Top-level Entity Name              ; NovoQuartus                                ;
; Family                             ; Cyclone IV E                               ;
; Device                             ; EP4CE10F17C8                               ;
; Timing Models                      ; Final                                      ;
; Total logic elements               ; 1,415 / 10,320 ( 14 % )                    ;
;     Total combinational functions  ; 1,333 / 10,320 ( 13 % )                    ;
;     Dedicated logic registers      ; 737 / 10,320 ( 7 % )                       ;
; Total registers                    ; 737                                        ;
; Total pins                         ; 5 / 180 ( 3 % )                            ;
; Total virtual pins                 ; 0                                          ;
; Total memory bits                  ; 43,008 / 423,936 ( 10 % )                  ;
; Embedded Multiplier 9-bit elements ; 6 / 46 ( 13 % )                            ;
; Total PLLs                         ; 0 / 2 ( 0 % )                              ;
+------------------------------------+--------------------------------------------+


+-----------------------------------------+
; Flow Settings                           ;
+-------------------+---------------------+
; Option            ; Setting             ;
+-------------------+---------------------+
; Start date & time ; 07/16/2018 10:37:28 ;
; Main task         ; Compilation         ;
; Revision Name     ; NovoQuartus         ;
+-------------------+---------------------+


+---------------------------------------------------------------------------------------------------------------------------------------------------------------------------------------------------------+
; Flow Non-Default Global Settings                                                                                                                                                                        ;
+-------------------------------------+---------------------------------------------------------------+---------------+------------------------------------------------------------------+----------------+
; Assignment Name                     ; Value                                                         ; Default Value ; Entity Name                                                      ; Section Id     ;
+-------------------------------------+---------------------------------------------------------------+---------------+------------------------------------------------------------------+----------------+
; COMPILER_SIGNATURE_ID               ; 121375325804.153174824802820                                  ; --            ; --                                                               ; --             ;
; EDA_OUTPUT_DATA_FORMAT              ; Vhdl                                                          ; --            ; --                                                               ; eda_simulation ;
; EDA_SIMULATION_TOOL                 ; ModelSim-Altera (VHDL)                                        ; <None>        ; --                                                               ; --             ;
; IP_TOOL_ENV                         ; Qsys                                                          ; --            ; altera_avalon_sc_fifo                                            ; --             ;
; IP_TOOL_ENV                         ; Qsys                                                          ; --            ; altera_customins_master_translator                               ; --             ;
; IP_TOOL_ENV                         ; Qsys                                                          ; --            ; altera_customins_slave_translator                                ; --             ;
; IP_TOOL_ENV                         ; Qsys                                                          ; --            ; altera_merlin_master_agent                                       ; --             ;
; IP_TOOL_ENV                         ; Qsys                                                          ; --            ; altera_merlin_master_translator                                  ; --             ;
; IP_TOOL_ENV                         ; Qsys                                                          ; --            ; altera_merlin_slave_agent                                        ; --             ;
; IP_TOOL_ENV                         ; Qsys                                                          ; --            ; altera_merlin_slave_translator                                   ; --             ;
; IP_TOOL_ENV                         ; Qsys                                                          ; --            ; altera_reset_controller                                          ; --             ;
; IP_TOOL_ENV                         ; Qsys                                                          ; --            ; processador                                                      ; --             ;
; IP_TOOL_ENV                         ; Qsys                                                          ; --            ; processador_irq_mapper                                           ; --             ;
; IP_TOOL_ENV                         ; Qsys                                                          ; --            ; processador_mm_interconnect_0                                    ; --             ;
; IP_TOOL_ENV                         ; Qsys                                                          ; --            ; processador_mm_interconnect_0_addr_router                        ; --             ;
; IP_TOOL_ENV                         ; Qsys                                                          ; --            ; processador_mm_interconnect_0_addr_router_001                    ; --             ;
; IP_TOOL_ENV                         ; Qsys                                                          ; --            ; processador_mm_interconnect_0_cmd_xbar_demux                     ; --             ;
; IP_TOOL_ENV                         ; Qsys                                                          ; --            ; processador_mm_interconnect_0_cmd_xbar_demux_001                 ; --             ;
; IP_TOOL_ENV                         ; Qsys                                                          ; --            ; processador_mm_interconnect_0_cmd_xbar_mux                       ; --             ;
; IP_TOOL_ENV                         ; Qsys                                                          ; --            ; processador_mm_interconnect_0_cmd_xbar_mux_002                   ; --             ;
; IP_TOOL_ENV                         ; Qsys                                                          ; --            ; processador_mm_interconnect_0_id_router                          ; --             ;
; IP_TOOL_ENV                         ; Qsys                                                          ; --            ; processador_mm_interconnect_0_id_router_002                      ; --             ;
; IP_TOOL_ENV                         ; Qsys                                                          ; --            ; processador_mm_interconnect_0_rsp_xbar_demux_002                 ; --             ;
; IP_TOOL_ENV                         ; Qsys                                                          ; --            ; processador_mm_interconnect_0_rsp_xbar_mux                       ; --             ;
; IP_TOOL_ENV                         ; Qsys                                                          ; --            ; processador_mm_interconnect_0_rsp_xbar_mux_001                   ; --             ;
; IP_TOOL_ENV                         ; Qsys                                                          ; --            ; processador_nios2_qsys_0                                         ; --             ;
; IP_TOOL_ENV                         ; Qsys                                                          ; --            ; processador_nios2_qsys_0_custom_instruction_master_comb_xconnect ; --             ;
; IP_TOOL_ENV                         ; Qsys                                                          ; --            ; processador_onchip_memory2_0                                     ; --             ;
; IP_TOOL_ENV                         ; Qsys                                                          ; --            ; processador_pio_0                                                ; --             ;
; IP_TOOL_NAME                        ; altera_avalon_sc_fifo                                         ; --            ; altera_avalon_sc_fifo                                            ; --             ;
; IP_TOOL_NAME                        ; altera_customins_master_translator                            ; --            ; altera_customins_master_translator                               ; --             ;
; IP_TOOL_NAME                        ; altera_customins_slave_translator                             ; --            ; altera_customins_slave_translator                                ; --             ;
; IP_TOOL_NAME                        ; altera_merlin_master_agent                                    ; --            ; altera_merlin_master_agent                                       ; --             ;
; IP_TOOL_NAME                        ; altera_merlin_master_translator                               ; --            ; altera_merlin_master_translator                                  ; --             ;
; IP_TOOL_NAME                        ; altera_merlin_slave_agent                                     ; --            ; altera_merlin_slave_agent                                        ; --             ;
; IP_TOOL_NAME                        ; altera_merlin_slave_translator                                ; --            ; altera_merlin_slave_translator                                   ; --             ;
; IP_TOOL_NAME                        ; altera_reset_controller                                       ; --            ; altera_reset_controller                                          ; --             ;
; IP_TOOL_NAME                        ; Qsys                                                          ; --            ; processador                                                      ; --             ;
; IP_TOOL_NAME                        ; altera_irq_mapper                                             ; --            ; processador_irq_mapper                                           ; --             ;
; IP_TOOL_NAME                        ; altera_merlin_interconnect_wrapper                            ; --            ; processador_mm_interconnect_0                                    ; --             ;
; IP_TOOL_NAME                        ; altera_merlin_router                                          ; --            ; processador_mm_interconnect_0_addr_router                        ; --             ;
; IP_TOOL_NAME                        ; altera_merlin_router                                          ; --            ; processador_mm_interconnect_0_addr_router_001                    ; --             ;
; IP_TOOL_NAME                        ; altera_merlin_demultiplexer                                   ; --            ; processador_mm_interconnect_0_cmd_xbar_demux                     ; --             ;
; IP_TOOL_NAME                        ; altera_merlin_demultiplexer                                   ; --            ; processador_mm_interconnect_0_cmd_xbar_demux_001                 ; --             ;
; IP_TOOL_NAME                        ; altera_merlin_multiplexer                                     ; --            ; processador_mm_interconnect_0_cmd_xbar_mux                       ; --             ;
; IP_TOOL_NAME                        ; altera_merlin_multiplexer                                     ; --            ; processador_mm_interconnect_0_cmd_xbar_mux_002                   ; --             ;
; IP_TOOL_NAME                        ; altera_merlin_router                                          ; --            ; processador_mm_interconnect_0_id_router                          ; --             ;
; IP_TOOL_NAME                        ; altera_merlin_router                                          ; --            ; processador_mm_interconnect_0_id_router_002                      ; --             ;
; IP_TOOL_NAME                        ; altera_merlin_demultiplexer                                   ; --            ; processador_mm_interconnect_0_rsp_xbar_demux_002                 ; --             ;
; IP_TOOL_NAME                        ; altera_merlin_multiplexer                                     ; --            ; processador_mm_interconnect_0_rsp_xbar_mux                       ; --             ;
; IP_TOOL_NAME                        ; altera_merlin_multiplexer                                     ; --            ; processador_mm_interconnect_0_rsp_xbar_mux_001                   ; --             ;
; IP_TOOL_NAME                        ; altera_nios2_qsys                                             ; --            ; processador_nios2_qsys_0                                         ; --             ;
; IP_TOOL_NAME                        ; altera_customins_xconnect                                     ; --            ; processador_nios2_qsys_0_custom_instruction_master_comb_xconnect ; --             ;
; IP_TOOL_NAME                        ; altera_avalon_onchip_memory2                                  ; --            ; processador_onchip_memory2_0                                     ; --             ;
; IP_TOOL_NAME                        ; altera_avalon_pio                                             ; --            ; processador_pio_0                                                ; --             ;
; IP_TOOL_VERSION                     ; 13.1                                                          ; --            ; altera_avalon_sc_fifo                                            ; --             ;
; IP_TOOL_VERSION                     ; 13.1                                                          ; --            ; altera_customins_master_translator                               ; --             ;
; IP_TOOL_VERSION                     ; 13.1                                                          ; --            ; altera_customins_slave_translator                                ; --             ;
; IP_TOOL_VERSION                     ; 13.1                                                          ; --            ; altera_merlin_master_agent                                       ; --             ;
; IP_TOOL_VERSION                     ; 13.1                                                          ; --            ; altera_merlin_master_translator                                  ; --             ;
; IP_TOOL_VERSION                     ; 13.1                                                          ; --            ; altera_merlin_slave_agent                                        ; --             ;
; IP_TOOL_VERSION                     ; 13.1                                                          ; --            ; altera_merlin_slave_translator                                   ; --             ;
; IP_TOOL_VERSION                     ; 13.1                                                          ; --            ; altera_reset_controller                                          ; --             ;
; IP_TOOL_VERSION                     ; 13.1                                                          ; --            ; processador                                                      ; --             ;
; IP_TOOL_VERSION                     ; 13.1                                                          ; --            ; processador_irq_mapper                                           ; --             ;
; IP_TOOL_VERSION                     ; 13.1                                                          ; --            ; processador_mm_interconnect_0                                    ; --             ;
; IP_TOOL_VERSION                     ; 13.1                                                          ; --            ; processador_mm_interconnect_0_addr_router                        ; --             ;
; IP_TOOL_VERSION                     ; 13.1                                                          ; --            ; processador_mm_interconnect_0_addr_router_001                    ; --             ;
; IP_TOOL_VERSION                     ; 13.1                                                          ; --            ; processador_mm_interconnect_0_cmd_xbar_demux                     ; --             ;
; IP_TOOL_VERSION                     ; 13.1                                                          ; --            ; processador_mm_interconnect_0_cmd_xbar_demux_001                 ; --             ;
; IP_TOOL_VERSION                     ; 13.1                                                          ; --            ; processador_mm_interconnect_0_cmd_xbar_mux                       ; --             ;
; IP_TOOL_VERSION                     ; 13.1                                                          ; --            ; processador_mm_interconnect_0_cmd_xbar_mux_002                   ; --             ;
; IP_TOOL_VERSION                     ; 13.1                                                          ; --            ; processador_mm_interconnect_0_id_router                          ; --             ;
; IP_TOOL_VERSION                     ; 13.1                                                          ; --            ; processador_mm_interconnect_0_id_router_002                      ; --             ;
; IP_TOOL_VERSION                     ; 13.1                                                          ; --            ; processador_mm_interconnect_0_rsp_xbar_demux_002                 ; --             ;
; IP_TOOL_VERSION                     ; 13.1                                                          ; --            ; processador_mm_interconnect_0_rsp_xbar_mux                       ; --             ;
; IP_TOOL_VERSION                     ; 13.1                                                          ; --            ; processador_mm_interconnect_0_rsp_xbar_mux_001                   ; --             ;
; IP_TOOL_VERSION                     ; 13.1                                                          ; --            ; processador_nios2_qsys_0                                         ; --             ;
; IP_TOOL_VERSION                     ; 13.1                                                          ; --            ; processador_nios2_qsys_0_custom_instruction_master_comb_xconnect ; --             ;
; IP_TOOL_VERSION                     ; 13.1                                                          ; --            ; processador_onchip_memory2_0                                     ; --             ;
; IP_TOOL_VERSION                     ; 13.1                                                          ; --            ; processador_pio_0                                                ; --             ;
; MAX_CORE_JUNCTION_TEMP              ; 85                                                            ; --            ; --                                                               ; --             ;
; MIN_CORE_JUNCTION_TEMP              ; 0                                                             ; --            ; --                                                               ; --             ;
; MISC_FILE                           ; processador/synthesis/../../processador.cmp                   ; --            ; --                                                               ; --             ;
; MISC_FILE                           ; processador/synthesis/../../processador.qsys                  ; --            ; --                                                               ; --             ;
; NOMINAL_CORE_SUPPLY_VOLTAGE         ; 1.2V                                                          ; --            ; --                                                               ; --             ;
; PARTITION_COLOR                     ; 16764057                                                      ; --            ; --                                                               ; Top            ;
; PARTITION_FITTER_PRESERVATION_LEVEL ; PLACEMENT_AND_ROUTING                                         ; --            ; --                                                               ; Top            ;
; PARTITION_NETLIST_TYPE              ; SOURCE                                                        ; --            ; --                                                               ; Top            ;
; POWER_BOARD_THERMAL_MODEL           ; None (CONSERVATIVE)                                           ; --            ; --                                                               ; --             ;
; POWER_PRESET_COOLING_SOLUTION       ; 23 MM HEAT SINK WITH 200 LFPM AIRFLOW                         ; --            ; --                                                               ; --             ;
; PROJECT_OUTPUT_DIRECTORY            ; output_files                                                  ; --            ; --                                                               ; --             ;
; SLD_FILE                            ; processador/synthesis/processador.regmap                      ; --            ; --                                                               ; --             ;
; SLD_FILE                            ; processador/synthesis/processador.debuginfo                   ; --            ; --                                                               ; --             ;
; SLD_INFO                            ; QSYS_NAME processador HAS_SOPCINFO 1 GENERATION_ID 1531748052 ; --            ; processador                                                      ; --             ;
; SOPCINFO_FILE                       ; processador/synthesis/../../processador.sopcinfo              ; --            ; --                                                               ; --             ;
; SYNTHESIS_ONLY_QIP                  ; On                                                            ; --            ; --                                                               ; --             ;
+-------------------------------------+---------------------------------------------------------------+---------------+------------------------------------------------------------------+----------------+


+-------------------------------------------------------------------------------------------------------------------------------+
; Flow Elapsed Time                                                                                                             ;
+---------------------------+--------------+-------------------------+---------------------+------------------------------------+
; Module Name               ; Elapsed Time ; Average Processors Used ; Peak Virtual Memory ; Total CPU Time (on all processors) ;
+---------------------------+--------------+-------------------------+---------------------+------------------------------------+
; Analysis & Synthesis      ; 00:00:15     ; 1.0                     ; 408 MB              ; 00:00:14                           ;
; Fitter                    ; 00:00:15     ; 1.0                     ; 554 MB              ; 00:00:15                           ;
; Assembler                 ; 00:00:02     ; 1.0                     ; 362 MB              ; 00:00:02                           ;
; TimeQuest Timing Analyzer ; 00:00:04     ; 1.0                     ; 390 MB              ; 00:00:04                           ;
; EDA Netlist Writer        ; 00:00:04     ; 1.0                     ; 336 MB              ; 00:00:04                           ;
; MIF/HEX Update            ; 00:00:03     ; 1.0                     ; 349 MB              ; 00:00:02                           ;
; Assembler                 ; 00:00:02     ; 1.0                     ; 358 MB              ; 00:00:02                           ;
; MIF/HEX Update            ; 00:00:02     ; 1.0                     ; 345 MB              ; 00:00:02                           ;
; Assembler                 ; 00:00:02     ; 1.0                     ; 358 MB              ; 00:00:02                           ;
; MIF/HEX Update            ; 00:00:02     ; 1.0                     ; 349 MB              ; 00:00:02                           ;
; Assembler                 ; 00:00:02     ; 1.0                     ; 358 MB              ; 00:00:02                           ;
; MIF/HEX Update            ; 00:00:02     ; 1.0                     ; 353 MB              ; 00:00:02                           ;
; Assembler                 ; 00:00:02     ; 1.0                     ; 358 MB              ; 00:00:02                           ;
; Total                     ; 00:00:57     ; --                      ; --                  ; 00:00:55                           ;
+---------------------------+--------------+-------------------------+---------------------+------------------------------------+


+----------------------------------------------------------------------------------------+
; Flow OS Summary                                                                        ;
+---------------------------+------------------+-----------+------------+----------------+
; Module Name               ; Machine Hostname ; OS Name   ; OS Version ; Processor type ;
+---------------------------+------------------+-----------+------------+----------------+
; Analysis & Synthesis      ; VICTORMUNDU04AA  ; Windows 7 ; 6.1        ; i686           ;
; Fitter                    ; VICTORMUNDU04AA  ; Windows 7 ; 6.1        ; i686           ;
; Assembler                 ; VICTORMUNDU04AA  ; Windows 7 ; 6.1        ; i686           ;
; TimeQuest Timing Analyzer ; VICTORMUNDU04AA  ; Windows 7 ; 6.1        ; i686           ;
; EDA Netlist Writer        ; VICTORMUNDU04AA  ; Windows 7 ; 6.1        ; i686           ;
; MIF/HEX Update            ; VICTORMUNDU04AA  ; Windows 7 ; 6.1        ; i686           ;
; Assembler                 ; VICTORMUNDU04AA  ; Windows 7 ; 6.1        ; i686           ;
; MIF/HEX Update            ; VICTORMUNDU04AA  ; Windows 7 ; 6.1        ; i686           ;
; Assembler                 ; VICTORMUNDU04AA  ; Windows 7 ; 6.1        ; i686           ;
; MIF/HEX Update            ; VICTORMUNDU04AA  ; Windows 7 ; 6.1        ; i686           ;
; Assembler                 ; VICTORMUNDU04AA  ; Windows 7 ; 6.1        ; i686           ;
; MIF/HEX Update            ; VICTORMUNDU04AA  ; Windows 7 ; 6.1        ; i686           ;
; Assembler                 ; VICTORMUNDU04AA  ; Windows 7 ; 6.1        ; i686           ;
+---------------------------+------------------+-----------+------------+----------------+


------------
; Flow Log ;
------------
quartus_map --read_settings_files=on --write_settings_files=off NovoQuartus -c NovoQuartus
quartus_fit --read_settings_files=off --write_settings_files=off NovoQuartus -c NovoQuartus
quartus_asm --read_settings_files=off --write_settings_files=off NovoQuartus -c NovoQuartus
quartus_sta NovoQuartus -c NovoQuartus
quartus_eda --read_settings_files=off --write_settings_files=off NovoQuartus -c NovoQuartus
quartus_cdb NovoQuartus -c NovoQuartus --update_mif
quartus_asm --read_settings_files=on --write_settings_files=off NovoQuartus -c NovoQuartus
quartus_cdb NovoQuartus -c NovoQuartus --update_mif
quartus_asm --read_settings_files=on --write_settings_files=off NovoQuartus -c NovoQuartus
quartus_cdb NovoQuartus -c NovoQuartus --update_mif
quartus_asm --read_settings_files=on --write_settings_files=off NovoQuartus -c NovoQuartus
quartus_cdb NovoQuartus -c NovoQuartus --update_mif
quartus_asm --read_settings_files=on --write_settings_files=off NovoQuartus -c NovoQuartus



