MIF/HEX Update report for NovoQuartus
Tue Aug 07 22:09:49 2018
Quartus II 32-bit Version 13.1.0 Build 162 10/23/2013 SJ Web Edition


---------------------
; Table of Contents ;
---------------------
  1. Legal Notice
  2. MIF/HEX Update Summary
  3. MIF/HEX Update Processed Files
  4. MIF/HEX Update Messages



----------------
; Legal Notice ;
----------------
Copyright (C) 1991-2013 Altera Corporation
Your use of Altera Corporation's design tools, logic functions 
and other software and tools, and its AMPP partner logic 
functions, and any output files from any of the foregoing 
(including device programming or simulation files), and any 
associated documentation or information are expressly subject 
to the terms and conditions of the Altera Program License 
Subscription Agreement, Altera MegaCore Function License 
Agreement, or other applicable license agreement, including, 
without limitation, that your use is for the sole purpose of 
programming logic devices manufactured by Altera and sold by 
Altera or its authorized distributors.  Please refer to the 
applicable agreement for further details.



+---------------------------------------------------------------+
; MIF/HEX Update Summary                                        ;
+-----------------------+---------------------------------------+
; MIF/HEX Update Status ; Successful - Tue Aug 07 22:09:49 2018 ;
; Revision Name         ; NovoQuartus                           ;
; Top-level Entity Name ; NovoQuartus                           ;
; Family                ; Cyclone IV E                          ;
; Device                ; EP4CE10F17C8                          ;
+-----------------------+---------------------------------------+


+-------------------------------------------------------------------------+
; MIF/HEX Update Processed Files                                          ;
+-------------------------------------------------------------------------+
; File Name                                                               ;
+-------------------------------------------------------------------------+
; Y:/GitHub/MI-SD-Coprocessador-Imagem/VGA-NIOS/NovoQuartusZero/teste.hex ;
+-------------------------------------------------------------------------+


+-------------------------+
; MIF/HEX Update Messages ;
+-------------------------+
Info: *******************************************************************
Info: Running Quartus II 32-bit MIF/HEX Update
    Info: Version 13.1.0 Build 162 10/23/2013 SJ Web Edition
    Info: Processing started: Tue Aug 07 22:09:46 2018
Info: Command: quartus_cdb NovoQuartus -c NovoQuartus --update_mif
Warning (125092): Tcl Script File controlador_ram.qip not found
    Info (125063): set_global_assignment -name QIP_FILE controlador_ram.qip
Warning (39023): Can't find Memory Initialization File processador_nios2_qsys_0_rf_ram_a.mif -- skipped updates for this file
Warning (39023): Can't find Memory Initialization File processador_nios2_qsys_0_rf_ram_b.mif -- skipped updates for this file
Warning (39023): Can't find Memory Initialization File processador_nios2_qsys_0_ociram_default_contents.mif -- skipped updates for this file
Warning (113015): Width of data items in "teste.hex" is greater than the memory width. Wrapping data items to subsequent addresses. Found 128 warnings, reporting 10
    Warning (113009): Data at line (2) of memory initialization file "teste.hex" is too wide to fit in one memory word. Wrapping data to subsequent addresses.
    Warning (113009): Data at line (3) of memory initialization file "teste.hex" is too wide to fit in one memory word. Wrapping data to subsequent addresses.
    Warning (113009): Data at line (4) of memory initialization file "teste.hex" is too wide to fit in one memory word. Wrapping data to subsequent addresses.
    Warning (113009): Data at line (5) of memory initialization file "teste.hex" is too wide to fit in one memory word. Wrapping data to subsequent addresses.
    Warning (113009): Data at line (6) of memory initialization file "teste.hex" is too wide to fit in one memory word. Wrapping data to subsequent addresses.
    Warning (113009): Data at line (7) of memory initialization file "teste.hex" is too wide to fit in one memory word. Wrapping data to subsequent addresses.
    Warning (113009): Data at line (8) of memory initialization file "teste.hex" is too wide to fit in one memory word. Wrapping data to subsequent addresses.
    Warning (113009): Data at line (9) of memory initialization file "teste.hex" is too wide to fit in one memory word. Wrapping data to subsequent addresses.
    Warning (113009): Data at line (10) of memory initialization file "teste.hex" is too wide to fit in one memory word. Wrapping data to subsequent addresses.
    Warning (113009): Data at line (11) of memory initialization file "teste.hex" is too wide to fit in one memory word. Wrapping data to subsequent addresses.
Info (39024): Processed the following Memory Initialization File(s)
    Info (39025): Processed Memory Initialization File Y:/GitHub/MI-SD-Coprocessador-Imagem/VGA-NIOS/NovoQuartusZero/teste.hex
Info: Quartus II 32-bit MIF/HEX Update was successful. 0 errors, 15 warnings
    Info: Peak virtual memory: 355 megabytes
    Info: Processing ended: Tue Aug 07 22:09:49 2018
    Info: Elapsed time: 00:00:03
    Info: Total CPU time (on all processors): 00:00:02


