Flow report for Coprocessor
Tue Jul 24 14:26:31 2018
Quartus II 64-Bit Version 13.1.0 Build 162 10/23/2013 SJ Web Edition


---------------------
; Table of Contents ;
---------------------
  1. Legal Notice
  2. Flow Summary
  3. Flow Settings
  4. Flow Non-Default Global Settings
  5. Flow Elapsed Time
  6. Flow OS Summary
  7. Flow Log
  8. Flow Messages
  9. Flow Suppressed Messages



----------------
; Legal Notice ;
----------------
Copyright (C) 1991-2013 Altera Corporation
Your use of Altera Corporation's design tools, logic functions 
and other software and tools, and its AMPP partner logic 
functions, and any output files from any of the foregoing 
(including device programming or simulation files), and any 
associated documentation or information are expressly subject 
to the terms and conditions of the Altera Program License 
Subscription Agreement, Altera MegaCore Function License 
Agreement, or other applicable license agreement, including, 
without limitation, that your use is for the sole purpose of 
programming logic devices manufactured by Altera and sold by 
Altera or its authorized distributors.  Please refer to the 
applicable agreement for further details.



+---------------------------------------------------------------------------------+
; Flow Summary                                                                    ;
+------------------------------------+--------------------------------------------+
; Flow Status                        ; Successful - Tue Jul 24 14:26:31 2018      ;
; Quartus II 64-Bit Version          ; 13.1.0 Build 162 10/23/2013 SJ Web Edition ;
; Revision Name                      ; Coprocessor                                ;
; Top-level Entity Name              ; Coprocessor                                ;
; Family                             ; Cyclone IV E                               ;
; Device                             ; EP4CE10F17C8                               ;
; Timing Models                      ; Final                                      ;
; Total logic elements               ; 1,367                                      ;
;     Total combinational functions  ; 1,223                                      ;
;     Dedicated logic registers      ; 722                                        ;
; Total registers                    ; 722                                        ;
; Total pins                         ; 2                                          ;
; Total virtual pins                 ; 0                                          ;
; Total memory bits                  ; 75,776                                     ;
; Embedded Multiplier 9-bit elements ; 0                                          ;
; Total PLLs                         ; 0                                          ;
+------------------------------------+--------------------------------------------+


+-----------------------------------------+
; Flow Settings                           ;
+-------------------+---------------------+
; Option            ; Setting             ;
+-------------------+---------------------+
; Start date & time ; 07/24/2018 14:26:14 ;
; Main task         ; Compilation         ;
; Revision Name     ; Coprocessor         ;
+-------------------+---------------------+


+-------------------------------------------------------------------------------------------------------------------------------------------------------------------------------------------+
; Flow Non-Default Global Settings                                                                                                                                                          ;
+-------------------------------------+-------------------------------------------------------------------+---------------+------------------------------------------------+----------------+
; Assignment Name                     ; Value                                                             ; Default Value ; Entity Name                                    ; Section Id     ;
+-------------------------------------+-------------------------------------------------------------------+---------------+------------------------------------------------+----------------+
; COMPILER_SIGNATURE_ID               ; 0.153245317303430                                                 ; --            ; --                                             ; --             ;
; EDA_OUTPUT_DATA_FORMAT              ; Vhdl                                                              ; --            ; --                                             ; eda_simulation ;
; EDA_SIMULATION_TOOL                 ; ModelSim-Altera (VHDL)                                            ; <None>        ; --                                             ; --             ;
; IP_TOOL_ENV                         ; Qsys                                                              ; --            ; ProjectNiosII                                  ; --             ;
; IP_TOOL_ENV                         ; Qsys                                                              ; --            ; ProjectNiosII_irq_mapper                       ; --             ;
; IP_TOOL_ENV                         ; Qsys                                                              ; --            ; ProjectNiosII_mm_interconnect_0                ; --             ;
; IP_TOOL_ENV                         ; Qsys                                                              ; --            ; ProjectNiosII_mm_interconnect_0_addr_router    ; --             ;
; IP_TOOL_ENV                         ; Qsys                                                              ; --            ; ProjectNiosII_mm_interconnect_0_cmd_xbar_demux ; --             ;
; IP_TOOL_ENV                         ; Qsys                                                              ; --            ; ProjectNiosII_mm_interconnect_0_cmd_xbar_mux   ; --             ;
; IP_TOOL_ENV                         ; Qsys                                                              ; --            ; ProjectNiosII_mm_interconnect_0_id_router      ; --             ;
; IP_TOOL_ENV                         ; Qsys                                                              ; --            ; ProjectNiosII_mm_interconnect_0_rsp_xbar_mux   ; --             ;
; IP_TOOL_ENV                         ; Qsys                                                              ; --            ; ProjectNiosII_nios2_qsys_0                     ; --             ;
; IP_TOOL_ENV                         ; Qsys                                                              ; --            ; ProjectNiosII_onchip_memory2_0                 ; --             ;
; IP_TOOL_ENV                         ; Qsys                                                              ; --            ; altera_avalon_sc_fifo                          ; --             ;
; IP_TOOL_ENV                         ; Qsys                                                              ; --            ; altera_merlin_master_agent                     ; --             ;
; IP_TOOL_ENV                         ; Qsys                                                              ; --            ; altera_merlin_master_translator                ; --             ;
; IP_TOOL_ENV                         ; Qsys                                                              ; --            ; altera_merlin_slave_agent                      ; --             ;
; IP_TOOL_ENV                         ; Qsys                                                              ; --            ; altera_merlin_slave_translator                 ; --             ;
; IP_TOOL_ENV                         ; Qsys                                                              ; --            ; altera_reset_controller                        ; --             ;
; IP_TOOL_NAME                        ; Qsys                                                              ; --            ; ProjectNiosII                                  ; --             ;
; IP_TOOL_NAME                        ; altera_irq_mapper                                                 ; --            ; ProjectNiosII_irq_mapper                       ; --             ;
; IP_TOOL_NAME                        ; altera_merlin_interconnect_wrapper                                ; --            ; ProjectNiosII_mm_interconnect_0                ; --             ;
; IP_TOOL_NAME                        ; altera_merlin_router                                              ; --            ; ProjectNiosII_mm_interconnect_0_addr_router    ; --             ;
; IP_TOOL_NAME                        ; altera_merlin_demultiplexer                                       ; --            ; ProjectNiosII_mm_interconnect_0_cmd_xbar_demux ; --             ;
; IP_TOOL_NAME                        ; altera_merlin_multiplexer                                         ; --            ; ProjectNiosII_mm_interconnect_0_cmd_xbar_mux   ; --             ;
; IP_TOOL_NAME                        ; altera_merlin_router                                              ; --            ; ProjectNiosII_mm_interconnect_0_id_router      ; --             ;
; IP_TOOL_NAME                        ; altera_merlin_multiplexer                                         ; --            ; ProjectNiosII_mm_interconnect_0_rsp_xbar_mux   ; --             ;
; IP_TOOL_NAME                        ; altera_nios2_qsys                                                 ; --            ; ProjectNiosII_nios2_qsys_0                     ; --             ;
; IP_TOOL_NAME                        ; altera_avalon_onchip_memory2                                      ; --            ; ProjectNiosII_onchip_memory2_0                 ; --             ;
; IP_TOOL_NAME                        ; altera_avalon_sc_fifo                                             ; --            ; altera_avalon_sc_fifo                          ; --             ;
; IP_TOOL_NAME                        ; altera_merlin_master_agent                                        ; --            ; altera_merlin_master_agent                     ; --             ;
; IP_TOOL_NAME                        ; altera_merlin_master_translator                                   ; --            ; altera_merlin_master_translator                ; --             ;
; IP_TOOL_NAME                        ; altera_merlin_slave_agent                                         ; --            ; altera_merlin_slave_agent                      ; --             ;
; IP_TOOL_NAME                        ; altera_merlin_slave_translator                                    ; --            ; altera_merlin_slave_translator                 ; --             ;
; IP_TOOL_NAME                        ; altera_reset_controller                                           ; --            ; altera_reset_controller                        ; --             ;
; IP_TOOL_VERSION                     ; 13.1                                                              ; --            ; ProjectNiosII                                  ; --             ;
; IP_TOOL_VERSION                     ; 13.1                                                              ; --            ; ProjectNiosII_irq_mapper                       ; --             ;
; IP_TOOL_VERSION                     ; 13.1                                                              ; --            ; ProjectNiosII_mm_interconnect_0                ; --             ;
; IP_TOOL_VERSION                     ; 13.1                                                              ; --            ; ProjectNiosII_mm_interconnect_0_addr_router    ; --             ;
; IP_TOOL_VERSION                     ; 13.1                                                              ; --            ; ProjectNiosII_mm_interconnect_0_cmd_xbar_demux ; --             ;
; IP_TOOL_VERSION                     ; 13.1                                                              ; --            ; ProjectNiosII_mm_interconnect_0_cmd_xbar_mux   ; --             ;
; IP_TOOL_VERSION                     ; 13.1                                                              ; --            ; ProjectNiosII_mm_interconnect_0_id_router      ; --             ;
; IP_TOOL_VERSION                     ; 13.1                                                              ; --            ; ProjectNiosII_mm_interconnect_0_rsp_xbar_mux   ; --             ;
; IP_TOOL_VERSION                     ; 13.1                                                              ; --            ; ProjectNiosII_nios2_qsys_0                     ; --             ;
; IP_TOOL_VERSION                     ; 13.1                                                              ; --            ; ProjectNiosII_onchip_memory2_0                 ; --             ;
; IP_TOOL_VERSION                     ; 13.1                                                              ; --            ; altera_avalon_sc_fifo                          ; --             ;
; IP_TOOL_VERSION                     ; 13.1                                                              ; --            ; altera_merlin_master_agent                     ; --             ;
; IP_TOOL_VERSION                     ; 13.1                                                              ; --            ; altera_merlin_master_translator                ; --             ;
; IP_TOOL_VERSION                     ; 13.1                                                              ; --            ; altera_merlin_slave_agent                      ; --             ;
; IP_TOOL_VERSION                     ; 13.1                                                              ; --            ; altera_merlin_slave_translator                 ; --             ;
; IP_TOOL_VERSION                     ; 13.1                                                              ; --            ; altera_reset_controller                        ; --             ;
; MAX_CORE_JUNCTION_TEMP              ; 85                                                                ; --            ; --                                             ; --             ;
; MIN_CORE_JUNCTION_TEMP              ; 0                                                                 ; --            ; --                                             ; --             ;
; MISC_FILE                           ; ../Project Qsys/components/synthesis/../../ProjectNiosII.cmp      ; --            ; --                                             ; --             ;
; MISC_FILE                           ; ../Project Qsys/components/synthesis/../../ProjectNiosII.qsys     ; --            ; --                                             ; --             ;
; NOMINAL_CORE_SUPPLY_VOLTAGE         ; 1.2V                                                              ; --            ; --                                             ; --             ;
; PARTITION_COLOR                     ; 16764057                                                          ; --            ; --                                             ; Top            ;
; PARTITION_FITTER_PRESERVATION_LEVEL ; PLACEMENT_AND_ROUTING                                             ; --            ; --                                             ; Top            ;
; PARTITION_NETLIST_TYPE              ; SOURCE                                                            ; --            ; --                                             ; Top            ;
; POWER_BOARD_THERMAL_MODEL           ; None (CONSERVATIVE)                                               ; --            ; --                                             ; --             ;
; POWER_PRESET_COOLING_SOLUTION       ; 23 MM HEAT SINK WITH 200 LFPM AIRFLOW                             ; --            ; --                                             ; --             ;
; PROJECT_OUTPUT_DIRECTORY            ; output_files                                                      ; --            ; --                                             ; --             ;
; SLD_FILE                            ; ../Project Qsys/components/synthesis/ProjectNiosII.debuginfo      ; --            ; --                                             ; --             ;
; SLD_INFO                            ; QSYS_NAME ProjectNiosII HAS_SOPCINFO 1 GENERATION_ID 1531753995   ; --            ; ProjectNiosII                                  ; --             ;
; SOPCINFO_FILE                       ; ../Project Qsys/components/synthesis/../../ProjectNiosII.sopcinfo ; --            ; --                                             ; --             ;
; SYNTHESIS_ONLY_QIP                  ; On                                                                ; --            ; --                                             ; --             ;
+-------------------------------------+-------------------------------------------------------------------+---------------+------------------------------------------------+----------------+


+--------------------------------------------------------------------------------------------------------------------------+
; Flow Elapsed Time                                                                                                        ;
+----------------------+--------------+-------------------------+---------------------+------------------------------------+
; Module Name          ; Elapsed Time ; Average Processors Used ; Peak Virtual Memory ; Total CPU Time (on all processors) ;
+----------------------+--------------+-------------------------+---------------------+------------------------------------+
; Analysis & Synthesis ; 00:00:17     ; 1.0                     ; 724 MB              ; 00:00:11                           ;
; Total                ; 00:00:17     ; --                      ; --                  ; 00:00:11                           ;
+----------------------+--------------+-------------------------+---------------------+------------------------------------+


+----------------------------------------------------------------------------------------+
; Flow OS Summary                                                                        ;
+----------------------+------------------+----------------+------------+----------------+
; Module Name          ; Machine Hostname ; OS Name        ; OS Version ; Processor type ;
+----------------------+------------------+----------------+------------+----------------+
; Analysis & Synthesis ; gautMachine      ; Ubuntu 16.04.4 ; 16         ; x86_64         ;
+----------------------+------------------+----------------+------------+----------------+


------------
; Flow Log ;
------------
quartus_map --read_settings_files=on --write_settings_files=off Coprocessor -c Coprocessor



